[ 2016-07-08T19:21:08+08:00 ] ::1 /07010/0701/index.php/home/index/test.html
INFO: [ app_init ] --START--
INFO: Run Behavior\BuildLiteBehavior [ RunTime:0.000029s ]
INFO: [ app_init ] --END-- [ RunTime:0.281382s ]
INFO: [ app_begin ] --START--
INFO: Run Behavior\ReadHtmlCacheBehavior [ RunTime:0.000899s ]
INFO: [ app_begin ] --END-- [ RunTime:0.001045s ]
NOTIC: [2048] Declaration of Home\Controller\IndexController::show() should be compatible with Think\Controller::show($content, $charset = '', $contentType = '', $prefix = '') E:\wamp\www\07010\0701\Application\Home\Controller\IndexController.class.php 第 109 行.
SQL: SHOW COLUMNS FROM `qz_cate` [ RunTime:0.2867s ]
SQL: SELECT * FROM `qz_cate` WHERE ( is_show=1 ) ORDER BY ord DESC  [ RunTime:0.0132s ]
SQL: SHOW COLUMNS FROM `qz_article` [ RunTime:0.0601s ]
SQL: SELECT `aid`,`title`,`update_time` FROM `qz_article` WHERE `is_show` = 1 ORDER BY update_time DESC,ord DESC,clicks DESC  [ RunTime:0.0004s ]
SQL: SELECT aid,title,top,good,content FROM qz_article WHERE is_show = 1 && cid = 11 [ RunTime:0.1415s ]
SQL: SHOW COLUMNS FROM `qz_tags` [ RunTime:0.0337s ]
SQL: SHOW COLUMNS FROM `qz_tags_article` [ RunTime:0.0386s ]
SQL: SELECT tid,tag_name FROM qz_tags WHERE is_show = 1 ORDER BY ord DESC,clicks DESC [ RunTime:0.0004s ]
SQL: SELECT tid,count(*) as count FROM qz_tags_article GROUP BY tid [ RunTime:0.0703s ]
INFO: [ view_parse ] --START--
INFO: [ template_filter ] --START--
INFO: Run Behavior\ContentReplaceBehavior [ RunTime:0.021032s ]
INFO: [ template_filter ] --END-- [ RunTime:0.021204s ]
INFO: Run Behavior\ParseTemplateBehavior [ RunTime:0.118384s ]
INFO: [ view_parse ] --END-- [ RunTime:0.118536s ]
INFO: [ view_filter ] --START--
INFO: Run Behavior\WriteHtmlCacheBehavior [ RunTime:0.015263s ]
INFO: [ view_filter ] --END-- [ RunTime:0.015386s ]
INFO: [ app_end ] --START--
INFO: Run Behavior\ShowPageTraceBehavior [ RunTime:0.015741s ]
INFO: [ app_end ] --END-- [ RunTime:0.015955s ]

[ 2016-07-08T19:21:19+08:00 ] ::1 /07010/0701/index.php/home/index/mylist/cid/1.html
INFO: [ app_init ] --START--
INFO: Run Behavior\BuildLiteBehavior [ RunTime:0.000025s ]
INFO: [ app_init ] --END-- [ RunTime:0.000514s ]
INFO: [ app_begin ] --START--
INFO: Run Behavior\ReadHtmlCacheBehavior [ RunTime:0.000698s ]
INFO: [ app_begin ] --END-- [ RunTime:0.000819s ]
NOTIC: [2048] Declaration of Home\Controller\IndexController::show() should be compatible with Think\Controller::show($content, $charset = '', $contentType = '', $prefix = '') E:\wamp\www\07010\0701\Application\Home\Controller\IndexController.class.php 第 109 行.
SQL: SHOW COLUMNS FROM `qz_cate` [ RunTime:0.0040s ]
SQL: SELECT * FROM `qz_cate` WHERE ( is_show=1 ) ORDER BY ord DESC  [ RunTime:0.0003s ]
SQL: SHOW COLUMNS FROM `qz_article` [ RunTime:0.0039s ]
SQL: SELECT aid,title,top,good,content FROM qz_article WHERE is_show = 1 && cid = 1 [ RunTime:0.0373s ]
INFO: [ view_parse ] --START--
INFO: [ template_filter ] --START--
INFO: Run Behavior\ContentReplaceBehavior [ RunTime:0.000088s ]
INFO: [ template_filter ] --END-- [ RunTime:0.000201s ]
NOTIC: [2] include(public/tags.php): failed to open stream: No such file or directory E:\wamp\www\07010\0701\Application\Runtime\Cache\Home\3aa129aef453e6341ee14940adc60365.php 第 85 行.
NOTIC: [2] include(): Failed opening 'public/tags.php' for inclusion (include_path='.;C:\php\pear') E:\wamp\www\07010\0701\Application\Runtime\Cache\Home\3aa129aef453e6341ee14940adc60365.php 第 85 行.
NOTIC: [8] Undefined index: update_time E:\wamp\www\07010\0701\Application\Runtime\Cache\Home\3aa129aef453e6341ee14940adc60365.php 第 103 行.
NOTIC: [8] Undefined index: author E:\wamp\www\07010\0701\Application\Runtime\Cache\Home\3aa129aef453e6341ee14940adc60365.php 第 103 行.
NOTIC: [8] Undefined index: cate E:\wamp\www\07010\0701\Application\Runtime\Cache\Home\3aa129aef453e6341ee14940adc60365.php 第 103 行.
NOTIC: [8] Undefined index: clicks E:\wamp\www\07010\0701\Application\Runtime\Cache\Home\3aa129aef453e6341ee14940adc60365.php 第 104 行.
INFO: Run Behavior\ParseTemplateBehavior [ RunTime:0.029500s ]
INFO: [ view_parse ] --END-- [ RunTime:0.029611s ]
INFO: [ view_filter ] --START--
INFO: Run Behavior\WriteHtmlCacheBehavior [ RunTime:0.000395s ]
INFO: [ view_filter ] --END-- [ RunTime:0.000486s ]
INFO: [ app_end ] --START--
INFO: Run Behavior\ShowPageTraceBehavior [ RunTime:0.000581s ]
INFO: [ app_end ] --END-- [ RunTime:0.000675s ]

[ 2016-07-08T19:21:21+08:00 ] ::1 /07010/0701/index.php/home/index/mylist/cid/show.php
INFO: [ app_init ] --START--
INFO: Run Behavior\BuildLiteBehavior [ RunTime:0.000023s ]
INFO: [ app_init ] --END-- [ RunTime:0.000394s ]
INFO: [ app_begin ] --START--
INFO: Run Behavior\ReadHtmlCacheBehavior [ RunTime:0.000591s ]
INFO: [ app_begin ] --END-- [ RunTime:0.000733s ]
NOTIC: [2048] Declaration of Home\Controller\IndexController::show() should be compatible with Think\Controller::show($content, $charset = '', $contentType = '', $prefix = '') E:\wamp\www\07010\0701\Application\Home\Controller\IndexController.class.php 第 109 行.
SQL: SHOW COLUMNS FROM `qz_cate` [ RunTime:0.0047s ]
SQL: SELECT * FROM `qz_cate` WHERE ( is_show=1 ) ORDER BY ord DESC  [ RunTime:0.0003s ]
SQL: SHOW COLUMNS FROM `qz_article` [ RunTime:0.0050s ]
SQL: SELECT aid,title,top,good,content FROM qz_article WHERE is_show = 1 && cid = 0 [ RunTime:0.0003s ]
INFO: [ view_parse ] --START--
INFO: [ template_filter ] --START--
INFO: Run Behavior\ContentReplaceBehavior [ RunTime:0.000083s ]
INFO: [ template_filter ] --END-- [ RunTime:0.000189s ]
NOTIC: [2] include(public/tags.php): failed to open stream: No such file or directory E:\wamp\www\07010\0701\Application\Runtime\Cache\Home\3aa129aef453e6341ee14940adc60365.php 第 85 行.
NOTIC: [2] include(): Failed opening 'public/tags.php' for inclusion (include_path='.;C:\php\pear') E:\wamp\www\07010\0701\Application\Runtime\Cache\Home\3aa129aef453e6341ee14940adc60365.php 第 85 行.
INFO: Run Behavior\ParseTemplateBehavior [ RunTime:0.012848s ]
INFO: [ view_parse ] --END-- [ RunTime:0.012994s ]
INFO: [ view_filter ] --START--
INFO: Run Behavior\WriteHtmlCacheBehavior [ RunTime:0.000359s ]
INFO: [ view_filter ] --END-- [ RunTime:0.000471s ]
INFO: [ app_end ] --START--
INFO: Run Behavior\ShowPageTraceBehavior [ RunTime:0.000558s ]
INFO: [ app_end ] --END-- [ RunTime:0.000658s ]

[ 2016-07-08T19:21:27+08:00 ] ::1 /07010/0701/index.php/home/index/mylist/cid/9.html
INFO: [ app_init ] --START--
INFO: Run Behavior\BuildLiteBehavior [ RunTime:0.000021s ]
INFO: [ app_init ] --END-- [ RunTime:0.000371s ]
INFO: [ app_begin ] --START--
INFO: Run Behavior\ReadHtmlCacheBehavior [ RunTime:0.000546s ]
INFO: [ app_begin ] --END-- [ RunTime:0.000672s ]
NOTIC: [2048] Declaration of Home\Controller\IndexController::show() should be compatible with Think\Controller::show($content, $charset = '', $contentType = '', $prefix = '') E:\wamp\www\07010\0701\Application\Home\Controller\IndexController.class.php 第 109 行.
SQL: SHOW COLUMNS FROM `qz_cate` [ RunTime:0.0035s ]
SQL: SELECT * FROM `qz_cate` WHERE ( is_show=1 ) ORDER BY ord DESC  [ RunTime:0.0004s ]
SQL: SHOW COLUMNS FROM `qz_article` [ RunTime:0.0038s ]
SQL: SELECT aid,title,top,good,content FROM qz_article WHERE is_show = 1 && cid = 9 [ RunTime:0.0003s ]
INFO: [ view_parse ] --START--
INFO: [ template_filter ] --START--
INFO: Run Behavior\ContentReplaceBehavior [ RunTime:0.000087s ]
INFO: [ template_filter ] --END-- [ RunTime:0.000195s ]
NOTIC: [2] include(public/tags.php): failed to open stream: No such file or directory E:\wamp\www\07010\0701\Application\Runtime\Cache\Home\3aa129aef453e6341ee14940adc60365.php 第 85 行.
NOTIC: [2] include(): Failed opening 'public/tags.php' for inclusion (include_path='.;C:\php\pear') E:\wamp\www\07010\0701\Application\Runtime\Cache\Home\3aa129aef453e6341ee14940adc60365.php 第 85 行.
INFO: Run Behavior\ParseTemplateBehavior [ RunTime:0.014763s ]
INFO: [ view_parse ] --END-- [ RunTime:0.014870s ]
INFO: [ view_filter ] --START--
INFO: Run Behavior\WriteHtmlCacheBehavior [ RunTime:0.000371s ]
INFO: [ view_filter ] --END-- [ RunTime:0.000460s ]
INFO: [ app_end ] --START--
INFO: Run Behavior\ShowPageTraceBehavior [ RunTime:0.000509s ]
INFO: [ app_end ] --END-- [ RunTime:0.000619s ]

[ 2016-07-08T19:21:28+08:00 ] ::1 /07010/0701/index.php/home/index/mylist/cid/1.html
INFO: [ app_init ] --START--
INFO: Run Behavior\BuildLiteBehavior [ RunTime:0.000023s ]
INFO: [ app_init ] --END-- [ RunTime:0.000386s ]
INFO: [ app_begin ] --START--
INFO: Run Behavior\ReadHtmlCacheBehavior [ RunTime:0.000560s ]
INFO: [ app_begin ] --END-- [ RunTime:0.000674s ]
NOTIC: [2048] Declaration of Home\Controller\IndexController::show() should be compatible with Think\Controller::show($content, $charset = '', $contentType = '', $prefix = '') E:\wamp\www\07010\0701\Application\Home\Controller\IndexController.class.php 第 109 行.
SQL: SHOW COLUMNS FROM `qz_cate` [ RunTime:0.0051s ]
SQL: SELECT * FROM `qz_cate` WHERE ( is_show=1 ) ORDER BY ord DESC  [ RunTime:0.0004s ]
SQL: SHOW COLUMNS FROM `qz_article` [ RunTime:0.0038s ]
SQL: SELECT aid,title,top,good,content FROM qz_article WHERE is_show = 1 && cid = 1 [ RunTime:0.0003s ]
INFO: [ view_parse ] --START--
INFO: [ template_filter ] --START--
INFO: Run Behavior\ContentReplaceBehavior [ RunTime:0.000137s ]
INFO: [ template_filter ] --END-- [ RunTime:0.000316s ]
NOTIC: [2] include(public/tags.php): failed to open stream: No such file or directory E:\wamp\www\07010\0701\Application\Runtime\Cache\Home\3aa129aef453e6341ee14940adc60365.php 第 85 行.
NOTIC: [2] include(): Failed opening 'public/tags.php' for inclusion (include_path='.;C:\php\pear') E:\wamp\www\07010\0701\Application\Runtime\Cache\Home\3aa129aef453e6341ee14940adc60365.php 第 85 行.
NOTIC: [8] Undefined index: update_time E:\wamp\www\07010\0701\Application\Runtime\Cache\Home\3aa129aef453e6341ee14940adc60365.php 第 103 行.
NOTIC: [8] Undefined index: author E:\wamp\www\07010\0701\Application\Runtime\Cache\Home\3aa129aef453e6341ee14940adc60365.php 第 103 行.
NOTIC: [8] Undefined index: cate E:\wamp\www\07010\0701\Application\Runtime\Cache\Home\3aa129aef453e6341ee14940adc60365.php 第 103 行.
NOTIC: [8] Undefined index: clicks E:\wamp\www\07010\0701\Application\Runtime\Cache\Home\3aa129aef453e6341ee14940adc60365.php 第 104 行.
INFO: Run Behavior\ParseTemplateBehavior [ RunTime:0.017803s ]
INFO: [ view_parse ] --END-- [ RunTime:0.017904s ]
INFO: [ view_filter ] --START--
INFO: Run Behavior\WriteHtmlCacheBehavior [ RunTime:0.000440s ]
INFO: [ view_filter ] --END-- [ RunTime:0.000532s ]
INFO: [ app_end ] --START--
INFO: Run Behavior\ShowPageTraceBehavior [ RunTime:0.000551s ]
INFO: [ app_end ] --END-- [ RunTime:0.000650s ]

[ 2016-07-08T19:21:28+08:00 ] ::1 /07010/0701/index.php/home/index/test.html
INFO: [ app_init ] --START--
INFO: Run Behavior\BuildLiteBehavior [ RunTime:0.000027s ]
INFO: [ app_init ] --END-- [ RunTime:0.000468s ]
INFO: [ app_begin ] --START--
INFO: Run Behavior\ReadHtmlCacheBehavior [ RunTime:0.000549s ]
INFO: [ app_begin ] --END-- [ RunTime:0.000659s ]
NOTIC: [2048] Declaration of Home\Controller\IndexController::show() should be compatible with Think\Controller::show($content, $charset = '', $contentType = '', $prefix = '') E:\wamp\www\07010\0701\Application\Home\Controller\IndexController.class.php 第 109 行.
SQL: SHOW COLUMNS FROM `qz_cate` [ RunTime:0.0045s ]
SQL: SELECT * FROM `qz_cate` WHERE ( is_show=1 ) ORDER BY ord DESC  [ RunTime:0.0005s ]
SQL: SHOW COLUMNS FROM `qz_article` [ RunTime:0.0038s ]
SQL: SELECT `aid`,`title`,`update_time` FROM `qz_article` WHERE `is_show` = 1 ORDER BY update_time DESC,ord DESC,clicks DESC  [ RunTime:0.0003s ]
SQL: SELECT aid,title,top,good,content FROM qz_article WHERE is_show = 1 && cid = 11 [ RunTime:0.0003s ]
SQL: SHOW COLUMNS FROM `qz_tags` [ RunTime:0.0038s ]
SQL: SHOW COLUMNS FROM `qz_tags_article` [ RunTime:0.0036s ]
SQL: SELECT tid,tag_name FROM qz_tags WHERE is_show = 1 ORDER BY ord DESC,clicks DESC [ RunTime:0.0003s ]
SQL: SELECT tid,count(*) as count FROM qz_tags_article GROUP BY tid [ RunTime:0.0002s ]
INFO: [ view_parse ] --START--
INFO: [ template_filter ] --START--
INFO: Run Behavior\ContentReplaceBehavior [ RunTime:0.000130s ]
INFO: [ template_filter ] --END-- [ RunTime:0.000241s ]
INFO: Run Behavior\ParseTemplateBehavior [ RunTime:0.020167s ]
INFO: [ view_parse ] --END-- [ RunTime:0.020279s ]
INFO: [ view_filter ] --START--
INFO: Run Behavior\WriteHtmlCacheBehavior [ RunTime:0.000427s ]
INFO: [ view_filter ] --END-- [ RunTime:0.000517s ]
INFO: [ app_end ] --START--
INFO: Run Behavior\ShowPageTraceBehavior [ RunTime:0.001192s ]
INFO: [ app_end ] --END-- [ RunTime:0.001340s ]

[ 2016-07-08T19:22:57+08:00 ] ::1 /07010/0701/index.php/home/index/test.html
INFO: [ app_init ] --START--
INFO: Run Behavior\BuildLiteBehavior [ RunTime:0.000021s ]
INFO: [ app_init ] --END-- [ RunTime:0.000375s ]
INFO: [ app_begin ] --START--
INFO: Run Behavior\ReadHtmlCacheBehavior [ RunTime:0.000638s ]
INFO: [ app_begin ] --END-- [ RunTime:0.000766s ]
NOTIC: [2048] Declaration of Home\Controller\IndexController::show() should be compatible with Think\Controller::show($content, $charset = '', $contentType = '', $prefix = '') E:\wamp\www\07010\0701\Application\Home\Controller\IndexController.class.php 第 109 行.
SQL: SHOW COLUMNS FROM `qz_cate` [ RunTime:0.0057s ]
SQL: SELECT * FROM `qz_cate` WHERE ( is_show=1 ) ORDER BY ord DESC  [ RunTime:0.0006s ]
SQL: SHOW COLUMNS FROM `qz_article` [ RunTime:0.0042s ]
SQL: SELECT `aid`,`title`,`update_time` FROM `qz_article` WHERE `is_show` = 1 ORDER BY update_time DESC,ord DESC,clicks DESC  [ RunTime:0.0004s ]
SQL: SELECT aid,title,top,good,content FROM qz_article WHERE is_show = 1 && cid = 11 [ RunTime:0.0003s ]
SQL: SHOW COLUMNS FROM `qz_tags` [ RunTime:0.0038s ]
SQL: SHOW COLUMNS FROM `qz_tags_article` [ RunTime:0.0038s ]
SQL: SELECT tid,tag_name FROM qz_tags WHERE is_show = 1 ORDER BY ord DESC,clicks DESC [ RunTime:0.0003s ]
SQL: SELECT tid,count(*) as count FROM qz_tags_article GROUP BY tid [ RunTime:0.0002s ]
INFO: [ view_parse ] --START--
INFO: [ template_filter ] --START--
INFO: Run Behavior\ContentReplaceBehavior [ RunTime:0.000127s ]
INFO: [ template_filter ] --END-- [ RunTime:0.000248s ]
INFO: Run Behavior\ParseTemplateBehavior [ RunTime:0.020373s ]
INFO: [ view_parse ] --END-- [ RunTime:0.020492s ]
INFO: [ view_filter ] --START--
INFO: Run Behavior\WriteHtmlCacheBehavior [ RunTime:0.000474s ]
INFO: [ view_filter ] --END-- [ RunTime:0.000604s ]
INFO: [ app_end ] --START--
INFO: Run Behavior\ShowPageTraceBehavior [ RunTime:0.000861s ]
INFO: [ app_end ] --END-- [ RunTime:0.001072s ]

[ 2016-07-08T19:23:07+08:00 ] ::1 /07010/0701/index.php/Home/Index/upload
INFO: [ app_init ] --START--
INFO: Run Behavior\BuildLiteBehavior [ RunTime:0.000027s ]
INFO: [ app_init ] --END-- [ RunTime:0.000459s ]
INFO: [ app_begin ] --START--
INFO: Run Behavior\ReadHtmlCacheBehavior [ RunTime:0.000783s ]
INFO: [ app_begin ] --END-- [ RunTime:0.000920s ]
NOTIC: [2048] Declaration of Home\Controller\IndexController::show() should be compatible with Think\Controller::show($content, $charset = '', $contentType = '', $prefix = '') E:\wamp\www\07010\0701\Application\Home\Controller\IndexController.class.php 第 109 行.
ERR: 非法操作:upload

[ 2016-07-08T19:24:41+08:00 ] ::1 /07010/0701/index.php/Home/Index/upload
INFO: [ app_init ] --START--
INFO: Run Behavior\BuildLiteBehavior [ RunTime:0.000023s ]
INFO: [ app_init ] --END-- [ RunTime:0.000399s ]
INFO: [ app_begin ] --START--
INFO: Run Behavior\ReadHtmlCacheBehavior [ RunTime:0.000453s ]
INFO: [ app_begin ] --END-- [ RunTime:0.000554s ]
NOTIC: [2048] Declaration of Home\Controller\IndexController::show() should be compatible with Think\Controller::show($content, $charset = '', $contentType = '', $prefix = '') E:\wamp\www\07010\0701\Application\Home\Controller\IndexController.class.php 第 123 行.
INFO: [ view_parse ] --START--
INFO: [ template_filter ] --START--
INFO: Run Behavior\ContentReplaceBehavior [ RunTime:0.012494s ]
INFO: [ template_filter ] --END-- [ RunTime:0.012625s ]
INFO: Run Behavior\ParseTemplateBehavior [ RunTime:0.046154s ]
INFO: [ view_parse ] --END-- [ RunTime:0.046401s ]
INFO: [ view_filter ] --START--
INFO: Run Behavior\WriteHtmlCacheBehavior [ RunTime:0.000530s ]
INFO: [ view_filter ] --END-- [ RunTime:0.000663s ]

[ 2016-07-08T19:29:14+08:00 ] ::1 /07010/0701/index.php/Home/Index/upload
INFO: [ app_init ] --START--
INFO: Run Behavior\BuildLiteBehavior [ RunTime:0.000023s ]
INFO: [ app_init ] --END-- [ RunTime:0.000374s ]
INFO: [ app_begin ] --START--
INFO: Run Behavior\ReadHtmlCacheBehavior [ RunTime:0.000549s ]
INFO: [ app_begin ] --END-- [ RunTime:0.000669s ]
NOTIC: [2048] Declaration of Home\Controller\IndexController::show() should be compatible with Think\Controller::show($content, $charset = '', $contentType = '', $prefix = '') E:\wamp\www\07010\0701\Application\Home\Controller\IndexController.class.php 第 124 行.
INFO: [ view_parse ] --START--
INFO: [ template_filter ] --START--
INFO: Run Behavior\ContentReplaceBehavior [ RunTime:0.000062s ]
INFO: [ template_filter ] --END-- [ RunTime:0.000172s ]
INFO: Run Behavior\ParseTemplateBehavior [ RunTime:0.011954s ]
INFO: [ view_parse ] --END-- [ RunTime:0.012080s ]
INFO: [ view_filter ] --START--
INFO: Run Behavior\WriteHtmlCacheBehavior [ RunTime:0.000376s ]
INFO: [ view_filter ] --END-- [ RunTime:0.000465s ]

[ 2016-07-08T19:29:19+08:00 ] ::1 /07010/0701/index.php/Home/Index/upload
INFO: [ app_init ] --START--
INFO: Run Behavior\BuildLiteBehavior [ RunTime:0.000039s ]
INFO: [ app_init ] --END-- [ RunTime:0.000698s ]
INFO: [ app_begin ] --START--
INFO: Run Behavior\ReadHtmlCacheBehavior [ RunTime:0.000965s ]
INFO: [ app_begin ] --END-- [ RunTime:0.001187s ]
NOTIC: [2048] Declaration of Home\Controller\IndexController::show() should be compatible with Think\Controller::show($content, $charset = '', $contentType = '', $prefix = '') E:\wamp\www\07010\0701\Application\Home\Controller\IndexController.class.php 第 124 行.
INFO: [ view_parse ] --START--
INFO: [ template_filter ] --START--
INFO: Run Behavior\ContentReplaceBehavior [ RunTime:0.000067s ]
INFO: [ template_filter ] --END-- [ RunTime:0.000188s ]
INFO: Run Behavior\ParseTemplateBehavior [ RunTime:0.007142s ]
INFO: [ view_parse ] --END-- [ RunTime:0.007312s ]
INFO: [ view_filter ] --START--
INFO: Run Behavior\WriteHtmlCacheBehavior [ RunTime:0.000658s ]
INFO: [ view_filter ] --END-- [ RunTime:0.000828s ]

[ 2016-07-08T19:38:13+08:00 ] ::1 /07010/0701/index.php/Home/Index/upload
INFO: [ app_init ] --START--
INFO: Run Behavior\BuildLiteBehavior [ RunTime:0.000024s ]
INFO: [ app_init ] --END-- [ RunTime:0.000405s ]
INFO: [ app_begin ] --START--
INFO: Run Behavior\ReadHtmlCacheBehavior [ RunTime:0.000489s ]
INFO: [ app_begin ] --END-- [ RunTime:0.000606s ]
NOTIC: [2048] Declaration of Home\Controller\IndexController::show() should be compatible with Think\Controller::show($content, $charset = '', $contentType = '', $prefix = '') E:\wamp\www\07010\0701\Application\Home\Controller\IndexController.class.php 第 124 行.
INFO: [ view_parse ] --START--
INFO: [ template_filter ] --START--
INFO: Run Behavior\ContentReplaceBehavior [ RunTime:0.000101s ]
INFO: [ template_filter ] --END-- [ RunTime:0.000288s ]
INFO: Run Behavior\ParseTemplateBehavior [ RunTime:0.007831s ]
INFO: [ view_parse ] --END-- [ RunTime:0.007994s ]
INFO: [ view_filter ] --START--
INFO: Run Behavior\WriteHtmlCacheBehavior [ RunTime:0.000487s ]
INFO: [ view_filter ] --END-- [ RunTime:0.000651s ]

[ 2016-07-08T19:44:50+08:00 ] ::1 /07010/0701/index.php/Home/Index/upload
INFO: [ app_init ] --START--
INFO: Run Behavior\BuildLiteBehavior [ RunTime:0.000031s ]
INFO: [ app_init ] --END-- [ RunTime:0.000430s ]
INFO: [ app_begin ] --START--
INFO: Run Behavior\ReadHtmlCacheBehavior [ RunTime:0.000503s ]
INFO: [ app_begin ] --END-- [ RunTime:0.000617s ]
NOTIC: [2048] Declaration of Home\Controller\IndexController::show() should be compatible with Think\Controller::show($content, $charset = '', $contentType = '', $prefix = '') E:\wamp\www\07010\0701\Application\Home\Controller\IndexController.class.php 第 124 行.
INFO: [ view_parse ] --START--
INFO: [ template_filter ] --START--
INFO: Run Behavior\ContentReplaceBehavior [ RunTime:0.000058s ]
INFO: [ template_filter ] --END-- [ RunTime:0.000158s ]
INFO: Run Behavior\ParseTemplateBehavior [ RunTime:0.006046s ]
INFO: [ view_parse ] --END-- [ RunTime:0.006216s ]
INFO: [ view_filter ] --START--
INFO: Run Behavior\WriteHtmlCacheBehavior [ RunTime:0.000460s ]
INFO: [ view_filter ] --END-- [ RunTime:0.000593s ]

