[ 2016-07-03T18:13:34+08:00 ] ::1 /0701/index.php/home/Index/test.html
INFO: [ app_init ] --START--
INFO: Run Behavior\BuildLiteBehavior [ RunTime:0.000000s ]
INFO: [ app_init ] --END-- [ RunTime:0.002000s ]
INFO: [ app_begin ] --START--
INFO: Run Behavior\ReadHtmlCacheBehavior [ RunTime:0.002001s ]
INFO: [ app_begin ] --END-- [ RunTime:0.002001s ]
NOTIC: [2048] Declaration of Home\Controller\IndexController::show() should be compatible with Think\Controller::show($content, $charset = '', $contentType = '', $prefix = '') D:\wamp\www\0701\Application\Home\Controller\IndexController.class.php 第 109 行.
SQL: SHOW COLUMNS FROM `qz_cate` [ RunTime:0.0060s ]
SQL: SELECT * FROM `qz_cate` WHERE ( is_show=1 ) ORDER BY ord DESC  [ RunTime:0.0010s ]
SQL: SHOW COLUMNS FROM `qz_article` [ RunTime:0.0050s ]
SQL: SELECT `aid`,`title`,`update_time` FROM `qz_article` WHERE `is_show` = 1 ORDER BY update_time DESC,ord DESC,clicks DESC  [ RunTime:0.0010s ]
SQL: SELECT aid,title,top,good,content FROM qz_article WHERE is_show = 1 && cid = 11 [ RunTime:0.0010s ]
SQL: SHOW COLUMNS FROM `qz_tags` [ RunTime:0.0040s ]
SQL: SHOW COLUMNS FROM `qz_tags_article` [ RunTime:0.0040s ]
SQL: SELECT tid,tag_name FROM qz_tags WHERE is_show = 1 ORDER BY ord DESC,clicks DESC [ RunTime:0.0010s ]
SQL: SELECT tid,count(*) as count FROM qz_tags_article GROUP BY tid [ RunTime:0.0000s ]
INFO: [ view_parse ] --START--
INFO: [ template_filter ] --START--
INFO: Run Behavior\ContentReplaceBehavior [ RunTime:0.000000s ]
INFO: [ template_filter ] --END-- [ RunTime:0.001000s ]
INFO: Run Behavior\ParseTemplateBehavior [ RunTime:0.040003s ]
INFO: [ view_parse ] --END-- [ RunTime:0.040003s ]
INFO: [ view_filter ] --START--
INFO: Run Behavior\WriteHtmlCacheBehavior [ RunTime:0.001000s ]
INFO: [ view_filter ] --END-- [ RunTime:0.001000s ]
INFO: [ app_end ] --START--
INFO: Run Behavior\ShowPageTraceBehavior [ RunTime:0.001000s ]
INFO: [ app_end ] --END-- [ RunTime:0.001000s ]

[ 2016-07-03T18:13:44+08:00 ] ::1 /0701/index.php/home/index/mylist/cid/1.html
INFO: [ app_init ] --START--
INFO: Run Behavior\BuildLiteBehavior [ RunTime:0.000000s ]
INFO: [ app_init ] --END-- [ RunTime:0.000000s ]
INFO: [ app_begin ] --START--
INFO: Run Behavior\ReadHtmlCacheBehavior [ RunTime:0.001001s ]
INFO: [ app_begin ] --END-- [ RunTime:0.001001s ]
NOTIC: [2048] Declaration of Home\Controller\IndexController::show() should be compatible with Think\Controller::show($content, $charset = '', $contentType = '', $prefix = '') D:\wamp\www\0701\Application\Home\Controller\IndexController.class.php 第 109 行.
SQL: SHOW COLUMNS FROM `qz_cate` [ RunTime:0.0030s ]
SQL: SELECT * FROM `qz_cate` WHERE ( is_show=1 ) ORDER BY ord DESC  [ RunTime:0.0010s ]
SQL: SHOW COLUMNS FROM `qz_article` [ RunTime:0.0050s ]
SQL: SELECT aid,title,top,good,content FROM qz_article WHERE is_show = 1 && cid = 1 [ RunTime:0.0000s ]
INFO: [ view_parse ] --START--
INFO: [ template_filter ] --START--
INFO: Run Behavior\ContentReplaceBehavior [ RunTime:0.000000s ]
INFO: [ template_filter ] --END-- [ RunTime:0.000000s ]
NOTIC: [2] include(public/tags.php): failed to open stream: No such file or directory D:\wamp\www\0701\Application\Runtime\Cache\Home\3aa129aef453e6341ee14940adc60365.php 第 85 行.
NOTIC: [2] include(): Failed opening 'public/tags.php' for inclusion (include_path='.;C:\php\pear') D:\wamp\www\0701\Application\Runtime\Cache\Home\3aa129aef453e6341ee14940adc60365.php 第 85 行.
NOTIC: [8] Undefined index: update_time D:\wamp\www\0701\Application\Runtime\Cache\Home\3aa129aef453e6341ee14940adc60365.php 第 103 行.
NOTIC: [8] Undefined index: author D:\wamp\www\0701\Application\Runtime\Cache\Home\3aa129aef453e6341ee14940adc60365.php 第 103 行.
NOTIC: [8] Undefined index: cate D:\wamp\www\0701\Application\Runtime\Cache\Home\3aa129aef453e6341ee14940adc60365.php 第 103 行.
NOTIC: [8] Undefined index: clicks D:\wamp\www\0701\Application\Runtime\Cache\Home\3aa129aef453e6341ee14940adc60365.php 第 104 行.
INFO: Run Behavior\ParseTemplateBehavior [ RunTime:0.027002s ]
INFO: [ view_parse ] --END-- [ RunTime:0.027002s ]
INFO: [ view_filter ] --START--
INFO: Run Behavior\WriteHtmlCacheBehavior [ RunTime:0.000000s ]
INFO: [ view_filter ] --END-- [ RunTime:0.001000s ]
INFO: [ app_end ] --START--
INFO: Run Behavior\ShowPageTraceBehavior [ RunTime:0.000000s ]
INFO: [ app_end ] --END-- [ RunTime:0.001000s ]

[ 2016-07-03T18:13:45+08:00 ] ::1 /0701/index.php/home/index/mylist/cid/show.php
INFO: [ app_init ] --START--
INFO: Run Behavior\BuildLiteBehavior [ RunTime:0.001000s ]
INFO: [ app_init ] --END-- [ RunTime:0.001000s ]
INFO: [ app_begin ] --START--
INFO: Run Behavior\ReadHtmlCacheBehavior [ RunTime:0.000000s ]
INFO: [ app_begin ] --END-- [ RunTime:0.000000s ]
NOTIC: [2048] Declaration of Home\Controller\IndexController::show() should be compatible with Think\Controller::show($content, $charset = '', $contentType = '', $prefix = '') D:\wamp\www\0701\Application\Home\Controller\IndexController.class.php 第 109 行.
SQL: SHOW COLUMNS FROM `qz_cate` [ RunTime:0.0050s ]
SQL: SELECT * FROM `qz_cate` WHERE ( is_show=1 ) ORDER BY ord DESC  [ RunTime:0.0010s ]
SQL: SHOW COLUMNS FROM `qz_article` [ RunTime:0.0040s ]
SQL: SELECT aid,title,top,good,content FROM qz_article WHERE is_show = 1 && cid = 0 [ RunTime:0.0000s ]
INFO: [ view_parse ] --START--
INFO: [ template_filter ] --START--
INFO: Run Behavior\ContentReplaceBehavior [ RunTime:0.000000s ]
INFO: [ template_filter ] --END-- [ RunTime:0.000000s ]
NOTIC: [2] include(public/tags.php): failed to open stream: No such file or directory D:\wamp\www\0701\Application\Runtime\Cache\Home\3aa129aef453e6341ee14940adc60365.php 第 85 行.
NOTIC: [2] include(): Failed opening 'public/tags.php' for inclusion (include_path='.;C:\php\pear') D:\wamp\www\0701\Application\Runtime\Cache\Home\3aa129aef453e6341ee14940adc60365.php 第 85 行.
INFO: Run Behavior\ParseTemplateBehavior [ RunTime:0.018001s ]
INFO: [ view_parse ] --END-- [ RunTime:0.018001s ]
INFO: [ view_filter ] --START--
INFO: Run Behavior\WriteHtmlCacheBehavior [ RunTime:0.001000s ]
INFO: [ view_filter ] --END-- [ RunTime:0.001000s ]
INFO: [ app_end ] --START--
INFO: Run Behavior\ShowPageTraceBehavior [ RunTime:0.001000s ]
INFO: [ app_end ] --END-- [ RunTime:0.001000s ]

[ 2016-07-03T18:15:07+08:00 ] ::1 /0701/index.php/home/index/mylist/cid/9.html
INFO: [ app_init ] --START--
INFO: Run Behavior\BuildLiteBehavior [ RunTime:0.000000s ]
INFO: [ app_init ] --END-- [ RunTime:0.001000s ]
INFO: [ app_begin ] --START--
INFO: Run Behavior\ReadHtmlCacheBehavior [ RunTime:0.000000s ]
INFO: [ app_begin ] --END-- [ RunTime:0.001000s ]
NOTIC: [2048] Declaration of Home\Controller\IndexController::show() should be compatible with Think\Controller::show($content, $charset = '', $contentType = '', $prefix = '') D:\wamp\www\0701\Application\Home\Controller\IndexController.class.php 第 109 行.
SQL: SHOW COLUMNS FROM `qz_cate` [ RunTime:0.0050s ]
SQL: SELECT * FROM `qz_cate` WHERE ( is_show=1 ) ORDER BY ord DESC  [ RunTime:0.0000s ]
SQL: SHOW COLUMNS FROM `qz_article` [ RunTime:0.0040s ]
SQL: SELECT aid,title,top,good,content FROM qz_article WHERE is_show = 1 && cid = 9 [ RunTime:0.0000s ]
INFO: [ view_parse ] --START--
INFO: [ template_filter ] --START--
INFO: Run Behavior\ContentReplaceBehavior [ RunTime:0.001000s ]
INFO: [ template_filter ] --END-- [ RunTime:0.001000s ]
NOTIC: [2] include(public/tags.php): failed to open stream: No such file or directory D:\wamp\www\0701\Application\Runtime\Cache\Home\3aa129aef453e6341ee14940adc60365.php 第 85 行.
NOTIC: [2] include(): Failed opening 'public/tags.php' for inclusion (include_path='.;C:\php\pear') D:\wamp\www\0701\Application\Runtime\Cache\Home\3aa129aef453e6341ee14940adc60365.php 第 85 行.
INFO: Run Behavior\ParseTemplateBehavior [ RunTime:0.019001s ]
INFO: [ view_parse ] --END-- [ RunTime:0.019001s ]
INFO: [ view_filter ] --START--
INFO: Run Behavior\WriteHtmlCacheBehavior [ RunTime:0.001000s ]
INFO: [ view_filter ] --END-- [ RunTime:0.001000s ]
INFO: [ app_end ] --START--
INFO: Run Behavior\ShowPageTraceBehavior [ RunTime:0.001000s ]
INFO: [ app_end ] --END-- [ RunTime:0.001000s ]

[ 2016-07-03T18:15:08+08:00 ] ::1 /0701/index.php/home/index/mylist/cid/8.html
INFO: [ app_init ] --START--
INFO: Run Behavior\BuildLiteBehavior [ RunTime:0.000000s ]
INFO: [ app_init ] --END-- [ RunTime:0.001000s ]
INFO: [ app_begin ] --START--
INFO: Run Behavior\ReadHtmlCacheBehavior [ RunTime:0.000000s ]
INFO: [ app_begin ] --END-- [ RunTime:0.000000s ]
NOTIC: [2048] Declaration of Home\Controller\IndexController::show() should be compatible with Think\Controller::show($content, $charset = '', $contentType = '', $prefix = '') D:\wamp\www\0701\Application\Home\Controller\IndexController.class.php 第 109 行.
SQL: SHOW COLUMNS FROM `qz_cate` [ RunTime:0.0040s ]
SQL: SELECT * FROM `qz_cate` WHERE ( is_show=1 ) ORDER BY ord DESC  [ RunTime:0.0010s ]
SQL: SHOW COLUMNS FROM `qz_article` [ RunTime:0.0040s ]
SQL: SELECT aid,title,top,good,content FROM qz_article WHERE is_show = 1 && cid = 8 [ RunTime:0.0010s ]
INFO: [ view_parse ] --START--
INFO: [ template_filter ] --START--
INFO: Run Behavior\ContentReplaceBehavior [ RunTime:0.000000s ]
INFO: [ template_filter ] --END-- [ RunTime:0.000000s ]
NOTIC: [2] include(public/tags.php): failed to open stream: No such file or directory D:\wamp\www\0701\Application\Runtime\Cache\Home\3aa129aef453e6341ee14940adc60365.php 第 85 行.
NOTIC: [2] include(): Failed opening 'public/tags.php' for inclusion (include_path='.;C:\php\pear') D:\wamp\www\0701\Application\Runtime\Cache\Home\3aa129aef453e6341ee14940adc60365.php 第 85 行.
INFO: Run Behavior\ParseTemplateBehavior [ RunTime:0.018001s ]
INFO: [ view_parse ] --END-- [ RunTime:0.018001s ]
INFO: [ view_filter ] --START--
INFO: Run Behavior\WriteHtmlCacheBehavior [ RunTime:0.000000s ]
INFO: [ view_filter ] --END-- [ RunTime:0.001000s ]
INFO: [ app_end ] --START--
INFO: Run Behavior\ShowPageTraceBehavior [ RunTime:0.001000s ]
INFO: [ app_end ] --END-- [ RunTime:0.001000s ]

[ 2016-07-03T18:15:09+08:00 ] ::1 /0701/index.php/home/index/mylist/cid/4.html
INFO: [ app_init ] --START--
INFO: Run Behavior\BuildLiteBehavior [ RunTime:0.000000s ]
INFO: [ app_init ] --END-- [ RunTime:0.001000s ]
INFO: [ app_begin ] --START--
INFO: Run Behavior\ReadHtmlCacheBehavior [ RunTime:0.000000s ]
INFO: [ app_begin ] --END-- [ RunTime:0.000000s ]
NOTIC: [2048] Declaration of Home\Controller\IndexController::show() should be compatible with Think\Controller::show($content, $charset = '', $contentType = '', $prefix = '') D:\wamp\www\0701\Application\Home\Controller\IndexController.class.php 第 109 行.
SQL: SHOW COLUMNS FROM `qz_cate` [ RunTime:0.0050s ]
SQL: SELECT * FROM `qz_cate` WHERE ( is_show=1 ) ORDER BY ord DESC  [ RunTime:0.0000s ]
SQL: SHOW COLUMNS FROM `qz_article` [ RunTime:0.0040s ]
SQL: SELECT aid,title,top,good,content FROM qz_article WHERE is_show = 1 && cid = 4 [ RunTime:0.0000s ]
INFO: [ view_parse ] --START--
INFO: [ template_filter ] --START--
INFO: Run Behavior\ContentReplaceBehavior [ RunTime:0.000000s ]
INFO: [ template_filter ] --END-- [ RunTime:0.000000s ]
NOTIC: [2] include(public/tags.php): failed to open stream: No such file or directory D:\wamp\www\0701\Application\Runtime\Cache\Home\3aa129aef453e6341ee14940adc60365.php 第 85 行.
NOTIC: [2] include(): Failed opening 'public/tags.php' for inclusion (include_path='.;C:\php\pear') D:\wamp\www\0701\Application\Runtime\Cache\Home\3aa129aef453e6341ee14940adc60365.php 第 85 行.
INFO: Run Behavior\ParseTemplateBehavior [ RunTime:0.018001s ]
INFO: [ view_parse ] --END-- [ RunTime:0.018001s ]
INFO: [ view_filter ] --START--
INFO: Run Behavior\WriteHtmlCacheBehavior [ RunTime:0.001000s ]
INFO: [ view_filter ] --END-- [ RunTime:0.001000s ]
INFO: [ app_end ] --START--
INFO: Run Behavior\ShowPageTraceBehavior [ RunTime:0.001000s ]
INFO: [ app_end ] --END-- [ RunTime:0.001000s ]

[ 2016-07-03T18:15:09+08:00 ] ::1 /0701/index.php/home/index/mylist/cid/3.html
INFO: [ app_init ] --START--
INFO: Run Behavior\BuildLiteBehavior [ RunTime:0.000000s ]
INFO: [ app_init ] --END-- [ RunTime:0.000000s ]
INFO: [ app_begin ] --START--
INFO: Run Behavior\ReadHtmlCacheBehavior [ RunTime:0.001000s ]
INFO: [ app_begin ] --END-- [ RunTime:0.001000s ]
NOTIC: [2048] Declaration of Home\Controller\IndexController::show() should be compatible with Think\Controller::show($content, $charset = '', $contentType = '', $prefix = '') D:\wamp\www\0701\Application\Home\Controller\IndexController.class.php 第 109 行.
SQL: SHOW COLUMNS FROM `qz_cate` [ RunTime:0.0040s ]
SQL: SELECT * FROM `qz_cate` WHERE ( is_show=1 ) ORDER BY ord DESC  [ RunTime:0.0010s ]
SQL: SHOW COLUMNS FROM `qz_article` [ RunTime:0.0050s ]
SQL: SELECT aid,title,top,good,content FROM qz_article WHERE is_show = 1 && cid = 3 [ RunTime:0.0000s ]
INFO: [ view_parse ] --START--
INFO: [ template_filter ] --START--
INFO: Run Behavior\ContentReplaceBehavior [ RunTime:0.000000s ]
INFO: [ template_filter ] --END-- [ RunTime:0.000000s ]
NOTIC: [2] include(public/tags.php): failed to open stream: No such file or directory D:\wamp\www\0701\Application\Runtime\Cache\Home\3aa129aef453e6341ee14940adc60365.php 第 85 行.
NOTIC: [2] include(): Failed opening 'public/tags.php' for inclusion (include_path='.;C:\php\pear') D:\wamp\www\0701\Application\Runtime\Cache\Home\3aa129aef453e6341ee14940adc60365.php 第 85 行.
INFO: Run Behavior\ParseTemplateBehavior [ RunTime:0.019001s ]
INFO: [ view_parse ] --END-- [ RunTime:0.020001s ]
INFO: [ view_filter ] --START--
INFO: Run Behavior\WriteHtmlCacheBehavior [ RunTime:0.000000s ]
INFO: [ view_filter ] --END-- [ RunTime:0.001000s ]
INFO: [ app_end ] --START--
INFO: Run Behavior\ShowPageTraceBehavior [ RunTime:0.000000s ]
INFO: [ app_end ] --END-- [ RunTime:0.001000s ]

[ 2016-07-03T18:15:10+08:00 ] ::1 /0701/index.php/home/index/mylist/cid/2.html
INFO: [ app_init ] --START--
INFO: Run Behavior\BuildLiteBehavior [ RunTime:0.000000s ]
INFO: [ app_init ] --END-- [ RunTime:0.001000s ]
INFO: [ app_begin ] --START--
INFO: Run Behavior\ReadHtmlCacheBehavior [ RunTime:0.001000s ]
INFO: [ app_begin ] --END-- [ RunTime:0.001000s ]
NOTIC: [2048] Declaration of Home\Controller\IndexController::show() should be compatible with Think\Controller::show($content, $charset = '', $contentType = '', $prefix = '') D:\wamp\www\0701\Application\Home\Controller\IndexController.class.php 第 109 行.
SQL: SHOW COLUMNS FROM `qz_cate` [ RunTime:0.0040s ]
SQL: SELECT * FROM `qz_cate` WHERE ( is_show=1 ) ORDER BY ord DESC  [ RunTime:0.0000s ]
SQL: SHOW COLUMNS FROM `qz_article` [ RunTime:0.0060s ]
SQL: SELECT aid,title,top,good,content FROM qz_article WHERE is_show = 1 && cid = 2 [ RunTime:0.0010s ]
INFO: [ view_parse ] --START--
INFO: [ template_filter ] --START--
INFO: Run Behavior\ContentReplaceBehavior [ RunTime:0.000000s ]
INFO: [ template_filter ] --END-- [ RunTime:0.000000s ]
NOTIC: [2] include(public/tags.php): failed to open stream: No such file or directory D:\wamp\www\0701\Application\Runtime\Cache\Home\3aa129aef453e6341ee14940adc60365.php 第 85 行.
NOTIC: [2] include(): Failed opening 'public/tags.php' for inclusion (include_path='.;C:\php\pear') D:\wamp\www\0701\Application\Runtime\Cache\Home\3aa129aef453e6341ee14940adc60365.php 第 85 行.
NOTIC: [8] Undefined index: update_time D:\wamp\www\0701\Application\Runtime\Cache\Home\3aa129aef453e6341ee14940adc60365.php 第 103 行.
NOTIC: [8] Undefined index: author D:\wamp\www\0701\Application\Runtime\Cache\Home\3aa129aef453e6341ee14940adc60365.php 第 103 行.
NOTIC: [8] Undefined index: cate D:\wamp\www\0701\Application\Runtime\Cache\Home\3aa129aef453e6341ee14940adc60365.php 第 103 行.
NOTIC: [8] Undefined index: clicks D:\wamp\www\0701\Application\Runtime\Cache\Home\3aa129aef453e6341ee14940adc60365.php 第 104 行.
INFO: Run Behavior\ParseTemplateBehavior [ RunTime:0.027001s ]
INFO: [ view_parse ] --END-- [ RunTime:0.027001s ]
INFO: [ view_filter ] --START--
INFO: Run Behavior\WriteHtmlCacheBehavior [ RunTime:0.001000s ]
INFO: [ view_filter ] --END-- [ RunTime:0.001000s ]
INFO: [ app_end ] --START--
INFO: Run Behavior\ShowPageTraceBehavior [ RunTime:0.001000s ]
INFO: [ app_end ] --END-- [ RunTime:0.001000s ]

[ 2016-07-03T18:15:10+08:00 ] ::1 /0701/index.php/home/index/mylist/cid/11.html
INFO: [ app_init ] --START--
INFO: Run Behavior\BuildLiteBehavior [ RunTime:0.000000s ]
INFO: [ app_init ] --END-- [ RunTime:0.001000s ]
INFO: [ app_begin ] --START--
INFO: Run Behavior\ReadHtmlCacheBehavior [ RunTime:0.001000s ]
INFO: [ app_begin ] --END-- [ RunTime:0.001000s ]
NOTIC: [2048] Declaration of Home\Controller\IndexController::show() should be compatible with Think\Controller::show($content, $charset = '', $contentType = '', $prefix = '') D:\wamp\www\0701\Application\Home\Controller\IndexController.class.php 第 109 行.
SQL: SHOW COLUMNS FROM `qz_cate` [ RunTime:0.0040s ]
SQL: SELECT * FROM `qz_cate` WHERE ( is_show=1 ) ORDER BY ord DESC  [ RunTime:0.0000s ]
SQL: SHOW COLUMNS FROM `qz_article` [ RunTime:0.0040s ]
SQL: SELECT aid,title,top,good,content FROM qz_article WHERE is_show = 1 && cid = 11 [ RunTime:0.0000s ]
INFO: [ view_parse ] --START--
INFO: [ template_filter ] --START--
INFO: Run Behavior\ContentReplaceBehavior [ RunTime:0.000000s ]
INFO: [ template_filter ] --END-- [ RunTime:0.000000s ]
NOTIC: [2] include(public/tags.php): failed to open stream: No such file or directory D:\wamp\www\0701\Application\Runtime\Cache\Home\3aa129aef453e6341ee14940adc60365.php 第 85 行.
NOTIC: [2] include(): Failed opening 'public/tags.php' for inclusion (include_path='.;C:\php\pear') D:\wamp\www\0701\Application\Runtime\Cache\Home\3aa129aef453e6341ee14940adc60365.php 第 85 行.
NOTIC: [8] Undefined index: update_time D:\wamp\www\0701\Application\Runtime\Cache\Home\3aa129aef453e6341ee14940adc60365.php 第 103 行.
NOTIC: [8] Undefined index: author D:\wamp\www\0701\Application\Runtime\Cache\Home\3aa129aef453e6341ee14940adc60365.php 第 103 行.
NOTIC: [8] Undefined index: cate D:\wamp\www\0701\Application\Runtime\Cache\Home\3aa129aef453e6341ee14940adc60365.php 第 103 行.
NOTIC: [8] Undefined index: clicks D:\wamp\www\0701\Application\Runtime\Cache\Home\3aa129aef453e6341ee14940adc60365.php 第 104 行.
INFO: Run Behavior\ParseTemplateBehavior [ RunTime:0.020001s ]
INFO: [ view_parse ] --END-- [ RunTime:0.020001s ]
INFO: [ view_filter ] --START--
INFO: Run Behavior\WriteHtmlCacheBehavior [ RunTime:0.001000s ]
INFO: [ view_filter ] --END-- [ RunTime:0.001000s ]
INFO: [ app_end ] --START--
INFO: Run Behavior\ShowPageTraceBehavior [ RunTime:0.001000s ]
INFO: [ app_end ] --END-- [ RunTime:0.001000s ]

[ 2016-07-03T18:32:33+08:00 ] ::1 /0701/index.php/home/view/test.html
INFO: [ app_init ] --START--
INFO: Run Behavior\BuildLiteBehavior [ RunTime:0.000000s ]
INFO: [ app_init ] --END-- [ RunTime:0.001000s ]
INFO: [ app_begin ] --START--
INFO: Run Behavior\ReadHtmlCacheBehavior [ RunTime:0.002000s ]
INFO: [ app_begin ] --END-- [ RunTime:0.002000s ]
ERR: 无法加载控制器:View

[ 2016-07-03T18:32:56+08:00 ] ::1 /0701/index.php/home/index/test.html
INFO: [ app_init ] --START--
INFO: Run Behavior\BuildLiteBehavior [ RunTime:0.000000s ]
INFO: [ app_init ] --END-- [ RunTime:0.001000s ]
INFO: [ app_begin ] --START--
INFO: Run Behavior\ReadHtmlCacheBehavior [ RunTime:0.001000s ]
INFO: [ app_begin ] --END-- [ RunTime:0.001000s ]
NOTIC: [2048] Declaration of Home\Controller\IndexController::show() should be compatible with Think\Controller::show($content, $charset = '', $contentType = '', $prefix = '') D:\wamp\www\0701\Application\Home\Controller\IndexController.class.php 第 109 行.
SQL: SHOW COLUMNS FROM `qz_cate` [ RunTime:0.0040s ]
SQL: SELECT * FROM `qz_cate` WHERE ( is_show=1 ) ORDER BY ord DESC  [ RunTime:0.0010s ]
SQL: SHOW COLUMNS FROM `qz_article` [ RunTime:0.0040s ]
SQL: SELECT `aid`,`title`,`update_time` FROM `qz_article` WHERE `is_show` = 1 ORDER BY update_time DESC,ord DESC,clicks DESC  [ RunTime:0.0010s ]
SQL: SELECT aid,title,top,good,content FROM qz_article WHERE is_show = 1 && cid = 11 [ RunTime:0.0000s ]
SQL: SHOW COLUMNS FROM `qz_tags` [ RunTime:0.0040s ]
SQL: SHOW COLUMNS FROM `qz_tags_article` [ RunTime:0.0040s ]
SQL: SELECT tid,tag_name FROM qz_tags WHERE is_show = 1 ORDER BY ord DESC,clicks DESC [ RunTime:0.0010s ]
SQL: SELECT tid,count(*) as count FROM qz_tags_article GROUP BY tid [ RunTime:0.0000s ]
INFO: [ view_parse ] --START--
INFO: [ template_filter ] --START--
INFO: Run Behavior\ContentReplaceBehavior [ RunTime:0.000000s ]
INFO: [ template_filter ] --END-- [ RunTime:0.000000s ]
INFO: Run Behavior\ParseTemplateBehavior [ RunTime:0.026002s ]
INFO: [ view_parse ] --END-- [ RunTime:0.026002s ]
INFO: [ view_filter ] --START--
INFO: Run Behavior\WriteHtmlCacheBehavior [ RunTime:0.001000s ]
INFO: [ view_filter ] --END-- [ RunTime:0.002000s ]
INFO: [ app_end ] --START--
INFO: Run Behavior\ShowPageTraceBehavior [ RunTime:0.001000s ]
INFO: [ app_end ] --END-- [ RunTime:0.001000s ]

[ 2016-07-03T18:33:37+08:00 ] ::1 /0701/index.php/home/index/show.html?aid=5
INFO: [ app_init ] --START--
INFO: Run Behavior\BuildLiteBehavior [ RunTime:0.000000s ]
INFO: [ app_init ] --END-- [ RunTime:0.001000s ]
INFO: [ app_begin ] --START--
INFO: Run Behavior\ReadHtmlCacheBehavior [ RunTime:0.001000s ]
INFO: [ app_begin ] --END-- [ RunTime:0.001000s ]
NOTIC: [2048] Declaration of Home\Controller\IndexController::show() should be compatible with Think\Controller::show($content, $charset = '', $contentType = '', $prefix = '') D:\wamp\www\0701\Application\Home\Controller\IndexController.class.php 第 109 行.
SQL: SHOW COLUMNS FROM `qz_article` [ RunTime:0.0040s ]
SQL: SELECT * FROM qz_article WHERE  aid = 5 [ RunTime:0.0000s ]
INFO: [ view_parse ] --START--
INFO: [ template_filter ] --START--
INFO: Run Behavior\ContentReplaceBehavior [ RunTime:0.001000s ]
INFO: [ template_filter ] --END-- [ RunTime:0.001000s ]
NOTIC: [8] Undefined variable: nav D:\wamp\www\0701\Application\Runtime\Cache\Home\ef90aeb0d15d5181851dc046c9941189.php 第 29 行.
NOTIC: [2] include(public/tags.php): failed to open stream: No such file or directory D:\wamp\www\0701\Application\Runtime\Cache\Home\ef90aeb0d15d5181851dc046c9941189.php 第 86 行.
NOTIC: [2] include(): Failed opening 'public/tags.php' for inclusion (include_path='.;C:\php\pear') D:\wamp\www\0701\Application\Runtime\Cache\Home\ef90aeb0d15d5181851dc046c9941189.php 第 86 行.
NOTIC: [8] Undefined index: cate D:\wamp\www\0701\Application\Runtime\Cache\Home\ef90aeb0d15d5181851dc046c9941189.php 第 104 行.
INFO: Run Behavior\ParseTemplateBehavior [ RunTime:0.019002s ]
INFO: [ view_parse ] --END-- [ RunTime:0.019002s ]
INFO: [ view_filter ] --START--
INFO: Run Behavior\WriteHtmlCacheBehavior [ RunTime:0.000000s ]
INFO: [ view_filter ] --END-- [ RunTime:0.001000s ]
INFO: [ app_end ] --START--
INFO: Run Behavior\ShowPageTraceBehavior [ RunTime:0.001000s ]
INFO: [ app_end ] --END-- [ RunTime:0.001000s ]

[ 2016-07-03T18:33:52+08:00 ] ::1 /0701/index.php/home/index/test.html
INFO: [ app_init ] --START--
INFO: Run Behavior\BuildLiteBehavior [ RunTime:0.000000s ]
INFO: [ app_init ] --END-- [ RunTime:0.002000s ]
INFO: [ app_begin ] --START--
INFO: Run Behavior\ReadHtmlCacheBehavior [ RunTime:0.001000s ]
INFO: [ app_begin ] --END-- [ RunTime:0.001000s ]
NOTIC: [2048] Declaration of Home\Controller\IndexController::show() should be compatible with Think\Controller::show($content, $charset = '', $contentType = '', $prefix = '') D:\wamp\www\0701\Application\Home\Controller\IndexController.class.php 第 109 行.
SQL: SHOW COLUMNS FROM `qz_cate` [ RunTime:0.0040s ]
SQL: SELECT * FROM `qz_cate` WHERE ( is_show=1 ) ORDER BY ord DESC  [ RunTime:0.0010s ]
SQL: SHOW COLUMNS FROM `qz_article` [ RunTime:0.0040s ]
SQL: SELECT `aid`,`title`,`update_time` FROM `qz_article` WHERE `is_show` = 1 ORDER BY update_time DESC,ord DESC,clicks DESC  [ RunTime:0.0000s ]
SQL: SELECT aid,title,top,good,content FROM qz_article WHERE is_show = 1 && cid = 11 [ RunTime:0.0000s ]
SQL: SHOW COLUMNS FROM `qz_tags` [ RunTime:0.0060s ]
SQL: SHOW COLUMNS FROM `qz_tags_article` [ RunTime:0.0040s ]
SQL: SELECT tid,tag_name FROM qz_tags WHERE is_show = 1 ORDER BY ord DESC,clicks DESC [ RunTime:0.0000s ]
SQL: SELECT tid,count(*) as count FROM qz_tags_article GROUP BY tid [ RunTime:0.0000s ]
INFO: [ view_parse ] --START--
INFO: [ template_filter ] --START--
INFO: Run Behavior\ContentReplaceBehavior [ RunTime:0.000000s ]
INFO: [ template_filter ] --END-- [ RunTime:0.000000s ]
INFO: Run Behavior\ParseTemplateBehavior [ RunTime:0.026002s ]
INFO: [ view_parse ] --END-- [ RunTime:0.027002s ]
INFO: [ view_filter ] --START--
INFO: Run Behavior\WriteHtmlCacheBehavior [ RunTime:0.001000s ]
INFO: [ view_filter ] --END-- [ RunTime:0.001000s ]
INFO: [ app_end ] --START--
INFO: Run Behavior\ShowPageTraceBehavior [ RunTime:0.003000s ]
INFO: [ app_end ] --END-- [ RunTime:0.003000s ]

[ 2016-07-03T18:37:06+08:00 ] ::1 /0701/index.php/home/index/mylist/cid/8.html
INFO: [ app_init ] --START--
INFO: Run Behavior\BuildLiteBehavior [ RunTime:0.000000s ]
INFO: [ app_init ] --END-- [ RunTime:0.001000s ]
INFO: [ app_begin ] --START--
INFO: Run Behavior\ReadHtmlCacheBehavior [ RunTime:0.001000s ]
INFO: [ app_begin ] --END-- [ RunTime:0.001000s ]
NOTIC: [2048] Declaration of Home\Controller\IndexController::show() should be compatible with Think\Controller::show($content, $charset = '', $contentType = '', $prefix = '') D:\wamp\www\0701\Application\Home\Controller\IndexController.class.php 第 109 行.
SQL: SHOW COLUMNS FROM `qz_cate` [ RunTime:0.0040s ]
SQL: SELECT * FROM `qz_cate` WHERE ( is_show=1 ) ORDER BY ord DESC  [ RunTime:0.0010s ]
SQL: SHOW COLUMNS FROM `qz_article` [ RunTime:0.0050s ]
SQL: SELECT aid,title,top,good,content FROM qz_article WHERE is_show = 1 && cid = 8 [ RunTime:0.0000s ]
INFO: [ view_parse ] --START--
INFO: [ template_filter ] --START--
INFO: Run Behavior\ContentReplaceBehavior [ RunTime:0.000000s ]
INFO: [ template_filter ] --END-- [ RunTime:0.000000s ]
NOTIC: [2] include(public/tags.php): failed to open stream: No such file or directory D:\wamp\www\0701\Application\Runtime\Cache\Home\3aa129aef453e6341ee14940adc60365.php 第 85 行.
NOTIC: [2] include(): Failed opening 'public/tags.php' for inclusion (include_path='.;C:\php\pear') D:\wamp\www\0701\Application\Runtime\Cache\Home\3aa129aef453e6341ee14940adc60365.php 第 85 行.
NOTIC: [8] Undefined index: update_time D:\wamp\www\0701\Application\Runtime\Cache\Home\3aa129aef453e6341ee14940adc60365.php 第 103 行.
NOTIC: [8] Undefined index: author D:\wamp\www\0701\Application\Runtime\Cache\Home\3aa129aef453e6341ee14940adc60365.php 第 103 行.
NOTIC: [8] Undefined index: cate D:\wamp\www\0701\Application\Runtime\Cache\Home\3aa129aef453e6341ee14940adc60365.php 第 103 行.
NOTIC: [8] Undefined index: clicks D:\wamp\www\0701\Application\Runtime\Cache\Home\3aa129aef453e6341ee14940adc60365.php 第 104 行.
INFO: Run Behavior\ParseTemplateBehavior [ RunTime:0.023002s ]
INFO: [ view_parse ] --END-- [ RunTime:0.023002s ]
INFO: [ view_filter ] --START--
INFO: Run Behavior\WriteHtmlCacheBehavior [ RunTime:0.000000s ]
INFO: [ view_filter ] --END-- [ RunTime:0.001000s ]
INFO: [ app_end ] --START--
INFO: Run Behavior\ShowPageTraceBehavior [ RunTime:0.000000s ]
INFO: [ app_end ] --END-- [ RunTime:0.001000s ]

[ 2016-07-03T18:40:58+08:00 ] ::1 /0701/index.php/home/index/test.html
INFO: [ app_init ] --START--
INFO: Run Behavior\BuildLiteBehavior [ RunTime:0.000000s ]
INFO: [ app_init ] --END-- [ RunTime:0.001000s ]
INFO: [ app_begin ] --START--
INFO: Run Behavior\ReadHtmlCacheBehavior [ RunTime:0.001001s ]
INFO: [ app_begin ] --END-- [ RunTime:0.001001s ]
NOTIC: [2048] Declaration of Home\Controller\IndexController::show() should be compatible with Think\Controller::show($content, $charset = '', $contentType = '', $prefix = '') D:\wamp\www\0701\Application\Home\Controller\IndexController.class.php 第 109 行.
SQL: SHOW COLUMNS FROM `qz_cate` [ RunTime:0.0050s ]
SQL: SELECT * FROM `qz_cate` WHERE ( is_show=1 ) ORDER BY ord DESC  [ RunTime:0.0000s ]
SQL: SHOW COLUMNS FROM `qz_article` [ RunTime:0.0040s ]
SQL: SELECT `aid`,`title`,`update_time` FROM `qz_article` WHERE `is_show` = 1 ORDER BY update_time DESC,ord DESC,clicks DESC  [ RunTime:0.0000s ]
SQL: SELECT aid,title,top,good,content FROM qz_article WHERE is_show = 1 && cid = 11 [ RunTime:0.0010s ]
SQL: SHOW COLUMNS FROM `qz_tags` [ RunTime:0.0040s ]
SQL: SHOW COLUMNS FROM `qz_tags_article` [ RunTime:0.0040s ]
SQL: SELECT tid,tag_name FROM qz_tags WHERE is_show = 1 ORDER BY ord DESC,clicks DESC [ RunTime:0.0000s ]
SQL: SELECT tid,count(*) as count FROM qz_tags_article GROUP BY tid [ RunTime:0.0000s ]
INFO: [ view_parse ] --START--
INFO: [ template_filter ] --START--
INFO: Run Behavior\ContentReplaceBehavior [ RunTime:0.000000s ]
INFO: [ template_filter ] --END-- [ RunTime:0.000000s ]
INFO: Run Behavior\ParseTemplateBehavior [ RunTime:0.028002s ]
INFO: [ view_parse ] --END-- [ RunTime:0.028002s ]
INFO: [ view_filter ] --START--
INFO: Run Behavior\WriteHtmlCacheBehavior [ RunTime:0.001000s ]
INFO: [ view_filter ] --END-- [ RunTime:0.001000s ]
INFO: [ app_end ] --START--
INFO: Run Behavior\ShowPageTraceBehavior [ RunTime:0.000000s ]
INFO: [ app_end ] --END-- [ RunTime:0.002000s ]

[ 2016-07-03T18:43:22+08:00 ] ::1 /0701/index.php/home/index/test.html
INFO: [ app_init ] --START--
INFO: Run Behavior\BuildLiteBehavior [ RunTime:0.000000s ]
INFO: [ app_init ] --END-- [ RunTime:0.001000s ]
INFO: [ app_begin ] --START--
INFO: Run Behavior\ReadHtmlCacheBehavior [ RunTime:0.001000s ]
INFO: [ app_begin ] --END-- [ RunTime:0.001000s ]
NOTIC: [2048] Declaration of Home\Controller\IndexController::show() should be compatible with Think\Controller::show($content, $charset = '', $contentType = '', $prefix = '') D:\wamp\www\0701\Application\Home\Controller\IndexController.class.php 第 109 行.
SQL: SHOW COLUMNS FROM `qz_cate` [ RunTime:0.0050s ]
SQL: SELECT * FROM `qz_cate` WHERE ( is_show=1 ) ORDER BY ord DESC  [ RunTime:0.0000s ]
SQL: SHOW COLUMNS FROM `qz_article` [ RunTime:0.0030s ]
SQL: SELECT `aid`,`title`,`update_time` FROM `qz_article` WHERE `is_show` = 1 ORDER BY update_time DESC,ord DESC,clicks DESC  [ RunTime:0.0010s ]
SQL: SELECT aid,title,top,good,content FROM qz_article WHERE is_show = 1 && cid = 11 [ RunTime:0.0000s ]
SQL: SHOW COLUMNS FROM `qz_tags` [ RunTime:0.0040s ]
SQL: SHOW COLUMNS FROM `qz_tags_article` [ RunTime:0.0050s ]
SQL: SELECT tid,tag_name FROM qz_tags WHERE is_show = 1 ORDER BY ord DESC,clicks DESC [ RunTime:0.0010s ]
SQL: SELECT tid,count(*) as count FROM qz_tags_article GROUP BY tid [ RunTime:0.0000s ]
INFO: [ view_parse ] --START--
INFO: [ template_filter ] --START--
INFO: Run Behavior\ContentReplaceBehavior [ RunTime:0.001000s ]
INFO: [ template_filter ] --END-- [ RunTime:0.001000s ]
INFO: Run Behavior\ParseTemplateBehavior [ RunTime:0.027001s ]
INFO: [ view_parse ] --END-- [ RunTime:0.027001s ]
INFO: [ view_filter ] --START--
INFO: Run Behavior\WriteHtmlCacheBehavior [ RunTime:0.000000s ]
INFO: [ view_filter ] --END-- [ RunTime:0.001001s ]
INFO: [ app_end ] --START--
INFO: Run Behavior\ShowPageTraceBehavior [ RunTime:0.001000s ]
INFO: [ app_end ] --END-- [ RunTime:0.001000s ]

[ 2016-07-03T18:43:46+08:00 ] ::1 /0701/index.php/home/index/list.html
INFO: [ app_init ] --START--
INFO: Run Behavior\BuildLiteBehavior [ RunTime:0.000000s ]
INFO: [ app_init ] --END-- [ RunTime:0.001000s ]
INFO: [ app_begin ] --START--
INFO: Run Behavior\ReadHtmlCacheBehavior [ RunTime:0.001000s ]
INFO: [ app_begin ] --END-- [ RunTime:0.001000s ]
NOTIC: [2048] Declaration of Home\Controller\IndexController::show() should be compatible with Think\Controller::show($content, $charset = '', $contentType = '', $prefix = '') D:\wamp\www\0701\Application\Home\Controller\IndexController.class.php 第 109 行.
ERR: 非法操作:list

[ 2016-07-03T18:44:45+08:00 ] ::1 /0701/index.php/home/index/list.php?tid=5
INFO: [ app_init ] --START--
INFO: Run Behavior\BuildLiteBehavior [ RunTime:0.000000s ]
INFO: [ app_init ] --END-- [ RunTime:0.001000s ]
INFO: [ app_begin ] --START--
INFO: Run Behavior\ReadHtmlCacheBehavior [ RunTime:0.000000s ]
INFO: [ app_begin ] --END-- [ RunTime:0.001000s ]
NOTIC: [2048] Declaration of Home\Controller\IndexController::show() should be compatible with Think\Controller::show($content, $charset = '', $contentType = '', $prefix = '') D:\wamp\www\0701\Application\Home\Controller\IndexController.class.php 第 109 行.
ERR: 非法操作:list.php

[ 2016-07-03T19:34:01+08:00 ] ::1 /0701/index.php/home/index/test.html
INFO: [ app_init ] --START--
INFO: Run Behavior\BuildLiteBehavior [ RunTime:0.000000s ]
INFO: [ app_init ] --END-- [ RunTime:0.001000s ]
INFO: [ app_begin ] --START--
INFO: Run Behavior\ReadHtmlCacheBehavior [ RunTime:0.001000s ]
INFO: [ app_begin ] --END-- [ RunTime:0.001000s ]
NOTIC: [2048] Declaration of Home\Controller\IndexController::show() should be compatible with Think\Controller::show($content, $charset = '', $contentType = '', $prefix = '') D:\wamp\www\0701\Application\Home\Controller\IndexController.class.php 第 109 行.
SQL: SHOW COLUMNS FROM `qz_cate` [ RunTime:0.0040s ]
SQL: SELECT * FROM `qz_cate` WHERE ( is_show=1 ) ORDER BY ord DESC  [ RunTime:0.0000s ]
SQL: SHOW COLUMNS FROM `qz_article` [ RunTime:0.0050s ]
SQL: SELECT `aid`,`title`,`update_time` FROM `qz_article` WHERE `is_show` = 1 ORDER BY update_time DESC,ord DESC,clicks DESC  [ RunTime:0.0000s ]
SQL: SELECT aid,title,top,good,content FROM qz_article WHERE is_show = 1 && cid = 11 [ RunTime:0.0010s ]
SQL: SHOW COLUMNS FROM `qz_tags` [ RunTime:0.0040s ]
SQL: SHOW COLUMNS FROM `qz_tags_article` [ RunTime:0.0030s ]
SQL: SELECT tid,tag_name FROM qz_tags WHERE is_show = 1 ORDER BY ord DESC,clicks DESC [ RunTime:0.0000s ]
SQL: SELECT tid,count(*) as count FROM qz_tags_article GROUP BY tid [ RunTime:0.0000s ]
INFO: [ view_parse ] --START--
INFO: [ template_filter ] --START--
INFO: Run Behavior\ContentReplaceBehavior [ RunTime:0.000000s ]
INFO: [ template_filter ] --END-- [ RunTime:0.000000s ]
INFO: Run Behavior\ParseTemplateBehavior [ RunTime:0.030001s ]
INFO: [ view_parse ] --END-- [ RunTime:0.030001s ]
INFO: [ view_filter ] --START--
INFO: Run Behavior\WriteHtmlCacheBehavior [ RunTime:0.001000s ]
INFO: [ view_filter ] --END-- [ RunTime:0.001000s ]
INFO: [ app_end ] --START--
INFO: Run Behavior\ShowPageTraceBehavior [ RunTime:0.001000s ]
INFO: [ app_end ] --END-- [ RunTime:0.001000s ]

[ 2016-07-03T19:37:41+08:00 ] ::1 /0701/index.php/home/index/test.html
INFO: [ app_init ] --START--
INFO: Run Behavior\BuildLiteBehavior [ RunTime:0.000000s ]
INFO: [ app_init ] --END-- [ RunTime:0.001000s ]
INFO: [ app_begin ] --START--
INFO: Run Behavior\ReadHtmlCacheBehavior [ RunTime:0.002000s ]
INFO: [ app_begin ] --END-- [ RunTime:0.002000s ]
NOTIC: [2048] Declaration of Home\Controller\IndexController::show() should be compatible with Think\Controller::show($content, $charset = '', $contentType = '', $prefix = '') D:\wamp\www\0701\Application\Home\Controller\IndexController.class.php 第 109 行.
SQL: SHOW COLUMNS FROM `qz_cate` [ RunTime:0.0050s ]
SQL: SELECT * FROM `qz_cate` WHERE ( is_show=1 ) ORDER BY ord DESC  [ RunTime:0.0010s ]
SQL: SHOW COLUMNS FROM `qz_article` [ RunTime:0.0040s ]
SQL: SELECT `aid`,`title`,`update_time` FROM `qz_article` WHERE `is_show` = 1 ORDER BY update_time DESC,ord DESC,clicks DESC  [ RunTime:0.0000s ]
SQL: SELECT aid,title,top,good,content FROM qz_article WHERE is_show = 1 && cid = 11 [ RunTime:0.0000s ]
SQL: SHOW COLUMNS FROM `qz_tags` [ RunTime:0.0040s ]
SQL: SHOW COLUMNS FROM `qz_tags_article` [ RunTime:0.0030s ]
SQL: SELECT tid,tag_name FROM qz_tags WHERE is_show = 1 ORDER BY ord DESC,clicks DESC [ RunTime:0.0000s ]
SQL: SELECT tid,count(*) as count FROM qz_tags_article GROUP BY tid [ RunTime:0.0000s ]
INFO: [ view_parse ] --START--
INFO: [ template_filter ] --START--
INFO: Run Behavior\ContentReplaceBehavior [ RunTime:0.000000s ]
INFO: [ template_filter ] --END-- [ RunTime:0.000000s ]
INFO: Run Behavior\ParseTemplateBehavior [ RunTime:0.031002s ]
INFO: [ view_parse ] --END-- [ RunTime:0.031002s ]
INFO: [ view_filter ] --START--
INFO: Run Behavior\WriteHtmlCacheBehavior [ RunTime:0.001000s ]
INFO: [ view_filter ] --END-- [ RunTime:0.001000s ]
INFO: [ app_end ] --START--
INFO: Run Behavior\ShowPageTraceBehavior [ RunTime:0.001000s ]
INFO: [ app_end ] --END-- [ RunTime:0.001000s ]

[ 2016-07-03T19:37:42+08:00 ] ::1 /0701/index.php/home/index/test.html
INFO: [ app_init ] --START--
INFO: Run Behavior\BuildLiteBehavior [ RunTime:0.000000s ]
INFO: [ app_init ] --END-- [ RunTime:0.001000s ]
INFO: [ app_begin ] --START--
INFO: Run Behavior\ReadHtmlCacheBehavior [ RunTime:0.001000s ]
INFO: [ app_begin ] --END-- [ RunTime:0.001000s ]
NOTIC: [2048] Declaration of Home\Controller\IndexController::show() should be compatible with Think\Controller::show($content, $charset = '', $contentType = '', $prefix = '') D:\wamp\www\0701\Application\Home\Controller\IndexController.class.php 第 109 行.
SQL: SHOW COLUMNS FROM `qz_cate` [ RunTime:0.0070s ]
SQL: SELECT * FROM `qz_cate` WHERE ( is_show=1 ) ORDER BY ord DESC  [ RunTime:0.0010s ]
SQL: SHOW COLUMNS FROM `qz_article` [ RunTime:0.0070s ]
SQL: SELECT `aid`,`title`,`update_time` FROM `qz_article` WHERE `is_show` = 1 ORDER BY update_time DESC,ord DESC,clicks DESC  [ RunTime:0.0000s ]
SQL: SELECT aid,title,top,good,content FROM qz_article WHERE is_show = 1 && cid = 11 [ RunTime:0.0010s ]
SQL: SHOW COLUMNS FROM `qz_tags` [ RunTime:0.0070s ]
SQL: SHOW COLUMNS FROM `qz_tags_article` [ RunTime:0.0060s ]
SQL: SELECT tid,tag_name FROM qz_tags WHERE is_show = 1 ORDER BY ord DESC,clicks DESC [ RunTime:0.0000s ]
SQL: SELECT tid,count(*) as count FROM qz_tags_article GROUP BY tid [ RunTime:0.0000s ]
INFO: [ view_parse ] --START--
INFO: [ template_filter ] --START--
INFO: Run Behavior\ContentReplaceBehavior [ RunTime:0.001000s ]
INFO: [ template_filter ] --END-- [ RunTime:0.001000s ]
INFO: Run Behavior\ParseTemplateBehavior [ RunTime:0.045003s ]
INFO: [ view_parse ] --END-- [ RunTime:0.045003s ]
INFO: [ view_filter ] --START--
INFO: Run Behavior\WriteHtmlCacheBehavior [ RunTime:0.003000s ]
INFO: [ view_filter ] --END-- [ RunTime:0.003000s ]
INFO: [ app_end ] --START--
INFO: Run Behavior\ShowPageTraceBehavior [ RunTime:0.002000s ]
INFO: [ app_end ] --END-- [ RunTime:0.002000s ]

[ 2016-07-03T19:37:43+08:00 ] ::1 /0701/index.php/home/index/test.html
INFO: [ app_init ] --START--
INFO: Run Behavior\BuildLiteBehavior [ RunTime:0.000000s ]
INFO: [ app_init ] --END-- [ RunTime:0.001000s ]
INFO: [ app_begin ] --START--
INFO: Run Behavior\ReadHtmlCacheBehavior [ RunTime:0.001000s ]
INFO: [ app_begin ] --END-- [ RunTime:0.001000s ]
NOTIC: [2048] Declaration of Home\Controller\IndexController::show() should be compatible with Think\Controller::show($content, $charset = '', $contentType = '', $prefix = '') D:\wamp\www\0701\Application\Home\Controller\IndexController.class.php 第 109 行.
SQL: SHOW COLUMNS FROM `qz_cate` [ RunTime:0.0040s ]
SQL: SELECT * FROM `qz_cate` WHERE ( is_show=1 ) ORDER BY ord DESC  [ RunTime:0.0010s ]
SQL: SHOW COLUMNS FROM `qz_article` [ RunTime:0.0180s ]
SQL: SELECT `aid`,`title`,`update_time` FROM `qz_article` WHERE `is_show` = 1 ORDER BY update_time DESC,ord DESC,clicks DESC  [ RunTime:0.0020s ]
SQL: SELECT aid,title,top,good,content FROM qz_article WHERE is_show = 1 && cid = 11 [ RunTime:0.0010s ]
SQL: SHOW COLUMNS FROM `qz_tags` [ RunTime:0.0080s ]
SQL: SHOW COLUMNS FROM `qz_tags_article` [ RunTime:0.0040s ]
SQL: SELECT tid,tag_name FROM qz_tags WHERE is_show = 1 ORDER BY ord DESC,clicks DESC [ RunTime:0.0010s ]
SQL: SELECT tid,count(*) as count FROM qz_tags_article GROUP BY tid [ RunTime:0.0000s ]
INFO: [ view_parse ] --START--
INFO: [ template_filter ] --START--
INFO: Run Behavior\ContentReplaceBehavior [ RunTime:0.001000s ]
INFO: [ template_filter ] --END-- [ RunTime:0.001000s ]
INFO: Run Behavior\ParseTemplateBehavior [ RunTime:0.037002s ]
INFO: [ view_parse ] --END-- [ RunTime:0.037002s ]
INFO: [ view_filter ] --START--
INFO: Run Behavior\WriteHtmlCacheBehavior [ RunTime:0.001000s ]
INFO: [ view_filter ] --END-- [ RunTime:0.001000s ]
INFO: [ app_end ] --START--
INFO: Run Behavior\ShowPageTraceBehavior [ RunTime:0.001000s ]
INFO: [ app_end ] --END-- [ RunTime:0.001000s ]

[ 2016-07-03T19:38:39+08:00 ] ::1 /0701/index.php/home/index/test.html
INFO: [ app_init ] --START--
INFO: Run Behavior\BuildLiteBehavior [ RunTime:0.000000s ]
INFO: [ app_init ] --END-- [ RunTime:0.001000s ]
INFO: [ app_begin ] --START--
INFO: Run Behavior\ReadHtmlCacheBehavior [ RunTime:0.002000s ]
INFO: [ app_begin ] --END-- [ RunTime:0.002000s ]
NOTIC: [2048] Declaration of Home\Controller\IndexController::show() should be compatible with Think\Controller::show($content, $charset = '', $contentType = '', $prefix = '') D:\wamp\www\0701\Application\Home\Controller\IndexController.class.php 第 109 行.
SQL: SHOW COLUMNS FROM `qz_cate` [ RunTime:0.0120s ]
SQL: SELECT * FROM `qz_cate` WHERE ( is_show=1 ) ORDER BY ord DESC  [ RunTime:0.0020s ]
SQL: SHOW COLUMNS FROM `qz_article` [ RunTime:0.0100s ]
SQL: SELECT `aid`,`title`,`update_time` FROM `qz_article` WHERE `is_show` = 1 ORDER BY update_time DESC,ord DESC,clicks DESC  [ RunTime:0.0010s ]
SQL: SELECT aid,title,top,good,content FROM qz_article WHERE is_show = 1 && cid = 11 [ RunTime:0.0020s ]
SQL: SHOW COLUMNS FROM `qz_tags` [ RunTime:0.0140s ]
SQL: SHOW COLUMNS FROM `qz_tags_article` [ RunTime:0.0100s ]
SQL: SELECT tid,tag_name FROM qz_tags WHERE is_show = 1 ORDER BY ord DESC,clicks DESC [ RunTime:0.0010s ]
SQL: SELECT tid,count(*) as count FROM qz_tags_article GROUP BY tid [ RunTime:0.0020s ]
INFO: [ view_parse ] --START--
INFO: [ template_filter ] --START--
INFO: Run Behavior\ContentReplaceBehavior [ RunTime:0.001000s ]
INFO: [ template_filter ] --END-- [ RunTime:0.001000s ]
INFO: Run Behavior\ParseTemplateBehavior [ RunTime:0.043002s ]
INFO: [ view_parse ] --END-- [ RunTime:0.043002s ]
INFO: [ view_filter ] --START--
INFO: Run Behavior\WriteHtmlCacheBehavior [ RunTime:0.001000s ]
INFO: [ view_filter ] --END-- [ RunTime:0.001000s ]
INFO: [ app_end ] --START--
INFO: Run Behavior\ShowPageTraceBehavior [ RunTime:0.001000s ]
INFO: [ app_end ] --END-- [ RunTime:0.002000s ]

[ 2016-07-03T19:38:39+08:00 ] ::1 /0701/index.php/home/index/test.html
INFO: [ app_init ] --START--
INFO: Run Behavior\BuildLiteBehavior [ RunTime:0.000000s ]
INFO: [ app_init ] --END-- [ RunTime:0.002000s ]
INFO: [ app_begin ] --START--
INFO: Run Behavior\ReadHtmlCacheBehavior [ RunTime:0.001000s ]
INFO: [ app_begin ] --END-- [ RunTime:0.001000s ]
NOTIC: [2048] Declaration of Home\Controller\IndexController::show() should be compatible with Think\Controller::show($content, $charset = '', $contentType = '', $prefix = '') D:\wamp\www\0701\Application\Home\Controller\IndexController.class.php 第 109 行.
SQL: SHOW COLUMNS FROM `qz_cate` [ RunTime:0.0100s ]
SQL: SELECT * FROM `qz_cate` WHERE ( is_show=1 ) ORDER BY ord DESC  [ RunTime:0.0010s ]
SQL: SHOW COLUMNS FROM `qz_article` [ RunTime:0.0080s ]
SQL: SELECT `aid`,`title`,`update_time` FROM `qz_article` WHERE `is_show` = 1 ORDER BY update_time DESC,ord DESC,clicks DESC  [ RunTime:0.0030s ]
SQL: SELECT aid,title,top,good,content FROM qz_article WHERE is_show = 1 && cid = 11 [ RunTime:0.0060s ]
SQL: SHOW COLUMNS FROM `qz_tags` [ RunTime:0.0050s ]
SQL: SHOW COLUMNS FROM `qz_tags_article` [ RunTime:0.0080s ]
SQL: SELECT tid,tag_name FROM qz_tags WHERE is_show = 1 ORDER BY ord DESC,clicks DESC [ RunTime:0.0010s ]
SQL: SELECT tid,count(*) as count FROM qz_tags_article GROUP BY tid [ RunTime:0.0020s ]
INFO: [ view_parse ] --START--
INFO: [ template_filter ] --START--
INFO: Run Behavior\ContentReplaceBehavior [ RunTime:0.000000s ]
INFO: [ template_filter ] --END-- [ RunTime:0.001000s ]
INFO: Run Behavior\ParseTemplateBehavior [ RunTime:0.037002s ]
INFO: [ view_parse ] --END-- [ RunTime:0.038002s ]
INFO: [ view_filter ] --START--
INFO: Run Behavior\WriteHtmlCacheBehavior [ RunTime:0.003000s ]
INFO: [ view_filter ] --END-- [ RunTime:0.003000s ]
INFO: [ app_end ] --START--
INFO: Run Behavior\ShowPageTraceBehavior [ RunTime:0.001000s ]
INFO: [ app_end ] --END-- [ RunTime:0.002000s ]

[ 2016-07-03T19:38:40+08:00 ] ::1 /0701/index.php/home/index/test.html
INFO: [ app_init ] --START--
INFO: Run Behavior\BuildLiteBehavior [ RunTime:0.000000s ]
INFO: [ app_init ] --END-- [ RunTime:0.001000s ]
INFO: [ app_begin ] --START--
INFO: Run Behavior\ReadHtmlCacheBehavior [ RunTime:0.001000s ]
INFO: [ app_begin ] --END-- [ RunTime:0.002000s ]
NOTIC: [2048] Declaration of Home\Controller\IndexController::show() should be compatible with Think\Controller::show($content, $charset = '', $contentType = '', $prefix = '') D:\wamp\www\0701\Application\Home\Controller\IndexController.class.php 第 109 行.
SQL: SHOW COLUMNS FROM `qz_cate` [ RunTime:0.0030s ]
SQL: SELECT * FROM `qz_cate` WHERE ( is_show=1 ) ORDER BY ord DESC  [ RunTime:0.0000s ]
SQL: SHOW COLUMNS FROM `qz_article` [ RunTime:0.0030s ]
SQL: SELECT `aid`,`title`,`update_time` FROM `qz_article` WHERE `is_show` = 1 ORDER BY update_time DESC,ord DESC,clicks DESC  [ RunTime:0.0010s ]
SQL: SELECT aid,title,top,good,content FROM qz_article WHERE is_show = 1 && cid = 11 [ RunTime:0.0000s ]
SQL: SHOW COLUMNS FROM `qz_tags` [ RunTime:0.0100s ]
SQL: SHOW COLUMNS FROM `qz_tags_article` [ RunTime:0.0040s ]
SQL: SELECT tid,tag_name FROM qz_tags WHERE is_show = 1 ORDER BY ord DESC,clicks DESC [ RunTime:0.0000s ]
SQL: SELECT tid,count(*) as count FROM qz_tags_article GROUP BY tid [ RunTime:0.0000s ]
INFO: [ view_parse ] --START--
INFO: [ template_filter ] --START--
INFO: Run Behavior\ContentReplaceBehavior [ RunTime:0.000000s ]
INFO: [ template_filter ] --END-- [ RunTime:0.000000s ]
INFO: Run Behavior\ParseTemplateBehavior [ RunTime:0.039002s ]
INFO: [ view_parse ] --END-- [ RunTime:0.039002s ]
INFO: [ view_filter ] --START--
INFO: Run Behavior\WriteHtmlCacheBehavior [ RunTime:0.000000s ]
INFO: [ view_filter ] --END-- [ RunTime:0.002000s ]
INFO: [ app_end ] --START--
INFO: Run Behavior\ShowPageTraceBehavior [ RunTime:0.001000s ]
INFO: [ app_end ] --END-- [ RunTime:0.001000s ]

[ 2016-07-03T19:38:46+08:00 ] ::1 /0701/index.php/home/index/test.html
INFO: [ app_init ] --START--
INFO: Run Behavior\BuildLiteBehavior [ RunTime:0.000000s ]
INFO: [ app_init ] --END-- [ RunTime:0.002001s ]
INFO: [ app_begin ] --START--
INFO: Run Behavior\ReadHtmlCacheBehavior [ RunTime:0.001000s ]
INFO: [ app_begin ] --END-- [ RunTime:0.001000s ]
NOTIC: [2048] Declaration of Home\Controller\IndexController::show() should be compatible with Think\Controller::show($content, $charset = '', $contentType = '', $prefix = '') D:\wamp\www\0701\Application\Home\Controller\IndexController.class.php 第 109 行.
SQL: SHOW COLUMNS FROM `qz_cate` [ RunTime:0.0050s ]
SQL: SELECT * FROM `qz_cate` WHERE ( is_show=1 ) ORDER BY ord DESC  [ RunTime:0.0000s ]
SQL: SHOW COLUMNS FROM `qz_article` [ RunTime:0.0060s ]
SQL: SELECT `aid`,`title`,`update_time` FROM `qz_article` WHERE `is_show` = 1 ORDER BY update_time DESC,ord DESC,clicks DESC  [ RunTime:0.0010s ]
SQL: SELECT aid,title,top,good,content FROM qz_article WHERE is_show = 1 && cid = 11 [ RunTime:0.0010s ]
SQL: SHOW COLUMNS FROM `qz_tags` [ RunTime:0.0050s ]
SQL: SHOW COLUMNS FROM `qz_tags_article` [ RunTime:0.0030s ]
SQL: SELECT tid,tag_name FROM qz_tags WHERE is_show = 1 ORDER BY ord DESC,clicks DESC [ RunTime:0.0000s ]
SQL: SELECT tid,count(*) as count FROM qz_tags_article GROUP BY tid [ RunTime:0.0000s ]
INFO: [ view_parse ] --START--
INFO: [ template_filter ] --START--
INFO: Run Behavior\ContentReplaceBehavior [ RunTime:0.000000s ]
INFO: [ template_filter ] --END-- [ RunTime:0.000000s ]
INFO: Run Behavior\ParseTemplateBehavior [ RunTime:0.029001s ]
INFO: [ view_parse ] --END-- [ RunTime:0.030001s ]
INFO: [ view_filter ] --START--
INFO: Run Behavior\WriteHtmlCacheBehavior [ RunTime:0.000000s ]
INFO: [ view_filter ] --END-- [ RunTime:0.000000s ]
INFO: [ app_end ] --START--
INFO: Run Behavior\ShowPageTraceBehavior [ RunTime:0.001000s ]
INFO: [ app_end ] --END-- [ RunTime:0.001000s ]

[ 2016-07-03T19:38:47+08:00 ] ::1 /0701/index.php/home/index/test.html
INFO: [ app_init ] --START--
INFO: Run Behavior\BuildLiteBehavior [ RunTime:0.000000s ]
INFO: [ app_init ] --END-- [ RunTime:0.001000s ]
INFO: [ app_begin ] --START--
INFO: Run Behavior\ReadHtmlCacheBehavior [ RunTime:0.000000s ]
INFO: [ app_begin ] --END-- [ RunTime:0.001001s ]
NOTIC: [2048] Declaration of Home\Controller\IndexController::show() should be compatible with Think\Controller::show($content, $charset = '', $contentType = '', $prefix = '') D:\wamp\www\0701\Application\Home\Controller\IndexController.class.php 第 109 行.
SQL: SHOW COLUMNS FROM `qz_cate` [ RunTime:0.0110s ]
SQL: SELECT * FROM `qz_cate` WHERE ( is_show=1 ) ORDER BY ord DESC  [ RunTime:0.0000s ]
SQL: SHOW COLUMNS FROM `qz_article` [ RunTime:0.0040s ]
SQL: SELECT `aid`,`title`,`update_time` FROM `qz_article` WHERE `is_show` = 1 ORDER BY update_time DESC,ord DESC,clicks DESC  [ RunTime:0.0010s ]
SQL: SELECT aid,title,top,good,content FROM qz_article WHERE is_show = 1 && cid = 11 [ RunTime:0.0000s ]
SQL: SHOW COLUMNS FROM `qz_tags` [ RunTime:0.0090s ]
SQL: SHOW COLUMNS FROM `qz_tags_article` [ RunTime:0.0070s ]
SQL: SELECT tid,tag_name FROM qz_tags WHERE is_show = 1 ORDER BY ord DESC,clicks DESC [ RunTime:0.0010s ]
SQL: SELECT tid,count(*) as count FROM qz_tags_article GROUP BY tid [ RunTime:0.0010s ]
INFO: [ view_parse ] --START--
INFO: [ template_filter ] --START--
INFO: Run Behavior\ContentReplaceBehavior [ RunTime:0.000000s ]
INFO: [ template_filter ] --END-- [ RunTime:0.000000s ]
INFO: Run Behavior\ParseTemplateBehavior [ RunTime:0.039002s ]
INFO: [ view_parse ] --END-- [ RunTime:0.039002s ]
INFO: [ view_filter ] --START--
INFO: Run Behavior\WriteHtmlCacheBehavior [ RunTime:0.000000s ]
INFO: [ view_filter ] --END-- [ RunTime:0.000000s ]
INFO: [ app_end ] --START--
INFO: Run Behavior\ShowPageTraceBehavior [ RunTime:0.001000s ]
INFO: [ app_end ] --END-- [ RunTime:0.001000s ]

[ 2016-07-03T19:44:10+08:00 ] ::1 /0701/index.php/home/index/show.html?aid=5
INFO: [ app_init ] --START--
INFO: Run Behavior\BuildLiteBehavior [ RunTime:0.000000s ]
INFO: [ app_init ] --END-- [ RunTime:0.001001s ]
INFO: [ app_begin ] --START--
INFO: Run Behavior\ReadHtmlCacheBehavior [ RunTime:0.001000s ]
INFO: [ app_begin ] --END-- [ RunTime:0.001000s ]
NOTIC: [2048] Declaration of Home\Controller\IndexController::show() should be compatible with Think\Controller::show($content, $charset = '', $contentType = '', $prefix = '') D:\wamp\www\0701\Application\Home\Controller\IndexController.class.php 第 109 行.
SQL: SHOW COLUMNS FROM `qz_article` [ RunTime:0.0040s ]
SQL: SELECT * FROM qz_article WHERE  aid = 5 [ RunTime:0.0010s ]
INFO: [ view_parse ] --START--
INFO: [ template_filter ] --START--
INFO: Run Behavior\ContentReplaceBehavior [ RunTime:0.000000s ]
INFO: [ template_filter ] --END-- [ RunTime:0.000000s ]
NOTIC: [8] Undefined variable: nav D:\wamp\www\0701\Application\Runtime\Cache\Home\ef90aeb0d15d5181851dc046c9941189.php 第 29 行.
NOTIC: [2] include(public/tags.php): failed to open stream: No such file or directory D:\wamp\www\0701\Application\Runtime\Cache\Home\ef90aeb0d15d5181851dc046c9941189.php 第 86 行.
NOTIC: [2] include(): Failed opening 'public/tags.php' for inclusion (include_path='.;C:\php\pear') D:\wamp\www\0701\Application\Runtime\Cache\Home\ef90aeb0d15d5181851dc046c9941189.php 第 86 行.
NOTIC: [8] Undefined index: cate D:\wamp\www\0701\Application\Runtime\Cache\Home\ef90aeb0d15d5181851dc046c9941189.php 第 104 行.
INFO: Run Behavior\ParseTemplateBehavior [ RunTime:0.018001s ]
INFO: [ view_parse ] --END-- [ RunTime:0.018001s ]
INFO: [ view_filter ] --START--
INFO: Run Behavior\WriteHtmlCacheBehavior [ RunTime:0.001000s ]
INFO: [ view_filter ] --END-- [ RunTime:0.001000s ]
INFO: [ app_end ] --START--
INFO: Run Behavior\ShowPageTraceBehavior [ RunTime:0.001000s ]
INFO: [ app_end ] --END-- [ RunTime:0.001000s ]

[ 2016-07-03T19:44:34+08:00 ] ::1 /0701/index.php/home/index/test.html
INFO: [ app_init ] --START--
INFO: Run Behavior\BuildLiteBehavior [ RunTime:0.000000s ]
INFO: [ app_init ] --END-- [ RunTime:0.001000s ]
INFO: [ app_begin ] --START--
INFO: Run Behavior\ReadHtmlCacheBehavior [ RunTime:0.001000s ]
INFO: [ app_begin ] --END-- [ RunTime:0.001000s ]
NOTIC: [2048] Declaration of Home\Controller\IndexController::show() should be compatible with Think\Controller::show($content, $charset = '', $contentType = '', $prefix = '') D:\wamp\www\0701\Application\Home\Controller\IndexController.class.php 第 109 行.
SQL: SHOW COLUMNS FROM `qz_cate` [ RunTime:0.0040s ]
SQL: SELECT * FROM `qz_cate` WHERE ( is_show=1 ) ORDER BY ord DESC  [ RunTime:0.0000s ]
SQL: SHOW COLUMNS FROM `qz_article` [ RunTime:0.0050s ]
SQL: SELECT `aid`,`title`,`update_time` FROM `qz_article` WHERE `is_show` = 1 ORDER BY update_time DESC,ord DESC,clicks DESC  [ RunTime:0.0010s ]
SQL: SELECT aid,title,top,good,content FROM qz_article WHERE is_show = 1 && cid = 11 [ RunTime:0.0000s ]
SQL: SHOW COLUMNS FROM `qz_tags` [ RunTime:0.0040s ]
SQL: SHOW COLUMNS FROM `qz_tags_article` [ RunTime:0.0040s ]
SQL: SELECT tid,tag_name FROM qz_tags WHERE is_show = 1 ORDER BY ord DESC,clicks DESC [ RunTime:0.0010s ]
SQL: SELECT tid,count(*) as count FROM qz_tags_article GROUP BY tid [ RunTime:0.0000s ]
INFO: [ view_parse ] --START--
INFO: [ template_filter ] --START--
INFO: Run Behavior\ContentReplaceBehavior [ RunTime:0.000000s ]
INFO: [ template_filter ] --END-- [ RunTime:0.000000s ]
INFO: Run Behavior\ParseTemplateBehavior [ RunTime:0.027001s ]
INFO: [ view_parse ] --END-- [ RunTime:0.027001s ]
INFO: [ view_filter ] --START--
INFO: Run Behavior\WriteHtmlCacheBehavior [ RunTime:0.001000s ]
INFO: [ view_filter ] --END-- [ RunTime:0.001000s ]
INFO: [ app_end ] --START--
INFO: Run Behavior\ShowPageTraceBehavior [ RunTime:0.001000s ]
INFO: [ app_end ] --END-- [ RunTime:0.001000s ]

[ 2016-07-03T19:46:09+08:00 ] ::1 /0701/index.php/home/index/test.html
INFO: [ app_init ] --START--
INFO: Run Behavior\BuildLiteBehavior [ RunTime:0.000000s ]
INFO: [ app_init ] --END-- [ RunTime:0.001000s ]
INFO: [ app_begin ] --START--
INFO: Run Behavior\ReadHtmlCacheBehavior [ RunTime:0.002000s ]
INFO: [ app_begin ] --END-- [ RunTime:0.002000s ]
NOTIC: [2048] Declaration of Home\Controller\IndexController::show() should be compatible with Think\Controller::show($content, $charset = '', $contentType = '', $prefix = '') D:\wamp\www\0701\Application\Home\Controller\IndexController.class.php 第 109 行.
SQL: SHOW COLUMNS FROM `qz_cate` [ RunTime:0.0040s ]
SQL: SELECT * FROM `qz_cate` WHERE ( is_show=1 ) ORDER BY ord DESC  [ RunTime:0.0000s ]
SQL: SHOW COLUMNS FROM `qz_article` [ RunTime:0.0050s ]
SQL: SELECT `aid`,`title`,`update_time` FROM `qz_article` WHERE `is_show` = 1 ORDER BY update_time DESC,ord DESC,clicks DESC  [ RunTime:0.0010s ]
SQL: SELECT aid,title,top,good,content FROM qz_article WHERE is_show = 1 && cid = 11 [ RunTime:0.0000s ]
SQL: SHOW COLUMNS FROM `qz_tags` [ RunTime:0.0050s ]
SQL: SHOW COLUMNS FROM `qz_tags_article` [ RunTime:0.0040s ]
SQL: SELECT tid,tag_name FROM qz_tags WHERE is_show = 1 ORDER BY ord DESC,clicks DESC [ RunTime:0.0000s ]
SQL: SELECT tid,count(*) as count FROM qz_tags_article GROUP BY tid [ RunTime:0.0010s ]
INFO: [ view_parse ] --START--
INFO: [ template_filter ] --START--
INFO: Run Behavior\ContentReplaceBehavior [ RunTime:0.000000s ]
INFO: [ template_filter ] --END-- [ RunTime:0.000000s ]
INFO: Run Behavior\ParseTemplateBehavior [ RunTime:0.033002s ]
INFO: [ view_parse ] --END-- [ RunTime:0.035002s ]
INFO: [ view_filter ] --START--
INFO: Run Behavior\WriteHtmlCacheBehavior [ RunTime:0.001000s ]
INFO: [ view_filter ] --END-- [ RunTime:0.001000s ]
INFO: [ app_end ] --START--
INFO: Run Behavior\ShowPageTraceBehavior [ RunTime:0.001001s ]
INFO: [ app_end ] --END-- [ RunTime:0.001001s ]

[ 2016-07-03T19:46:36+08:00 ] ::1 /0701/index.php/home/index/test.html
INFO: [ app_init ] --START--
INFO: Run Behavior\BuildLiteBehavior [ RunTime:0.000000s ]
INFO: [ app_init ] --END-- [ RunTime:0.000000s ]
INFO: [ app_begin ] --START--
INFO: Run Behavior\ReadHtmlCacheBehavior [ RunTime:0.001000s ]
INFO: [ app_begin ] --END-- [ RunTime:0.001000s ]
NOTIC: [2048] Declaration of Home\Controller\IndexController::show() should be compatible with Think\Controller::show($content, $charset = '', $contentType = '', $prefix = '') D:\wamp\www\0701\Application\Home\Controller\IndexController.class.php 第 109 行.
SQL: SHOW COLUMNS FROM `qz_cate` [ RunTime:0.0040s ]
SQL: SELECT * FROM `qz_cate` WHERE ( is_show=1 ) ORDER BY ord DESC  [ RunTime:0.0010s ]
SQL: SHOW COLUMNS FROM `qz_article` [ RunTime:0.0040s ]
SQL: SELECT `aid`,`title`,`update_time` FROM `qz_article` WHERE `is_show` = 1 ORDER BY update_time DESC,ord DESC,clicks DESC  [ RunTime:0.0010s ]
SQL: SELECT aid,title,top,good,content FROM qz_article WHERE is_show = 1 && cid = 11 [ RunTime:0.0000s ]
SQL: SHOW COLUMNS FROM `qz_tags` [ RunTime:0.0060s ]
SQL: SHOW COLUMNS FROM `qz_tags_article` [ RunTime:0.0040s ]
SQL: SELECT tid,tag_name FROM qz_tags WHERE is_show = 1 ORDER BY ord DESC,clicks DESC [ RunTime:0.0010s ]
SQL: SELECT tid,count(*) as count FROM qz_tags_article GROUP BY tid [ RunTime:0.0000s ]
INFO: [ view_parse ] --START--
INFO: [ template_filter ] --START--
INFO: Run Behavior\ContentReplaceBehavior [ RunTime:0.000000s ]
INFO: [ template_filter ] --END-- [ RunTime:0.001000s ]
INFO: Run Behavior\ParseTemplateBehavior [ RunTime:0.035002s ]
INFO: [ view_parse ] --END-- [ RunTime:0.035002s ]
INFO: [ view_filter ] --START--
INFO: Run Behavior\WriteHtmlCacheBehavior [ RunTime:0.000000s ]
INFO: [ view_filter ] --END-- [ RunTime:0.001001s ]
INFO: [ app_end ] --START--
INFO: Run Behavior\ShowPageTraceBehavior [ RunTime:0.002000s ]
INFO: [ app_end ] --END-- [ RunTime:0.002000s ]

[ 2016-07-03T19:46:37+08:00 ] ::1 /0701/index.php/home/index/test.html
INFO: [ app_init ] --START--
INFO: Run Behavior\BuildLiteBehavior [ RunTime:0.000000s ]
INFO: [ app_init ] --END-- [ RunTime:0.001000s ]
INFO: [ app_begin ] --START--
INFO: Run Behavior\ReadHtmlCacheBehavior [ RunTime:0.003000s ]
INFO: [ app_begin ] --END-- [ RunTime:0.003000s ]
NOTIC: [2048] Declaration of Home\Controller\IndexController::show() should be compatible with Think\Controller::show($content, $charset = '', $contentType = '', $prefix = '') D:\wamp\www\0701\Application\Home\Controller\IndexController.class.php 第 109 行.
SQL: SHOW COLUMNS FROM `qz_cate` [ RunTime:0.0080s ]
SQL: SELECT * FROM `qz_cate` WHERE ( is_show=1 ) ORDER BY ord DESC  [ RunTime:0.0020s ]
SQL: SHOW COLUMNS FROM `qz_article` [ RunTime:0.0120s ]
SQL: SELECT `aid`,`title`,`update_time` FROM `qz_article` WHERE `is_show` = 1 ORDER BY update_time DESC,ord DESC,clicks DESC  [ RunTime:0.0000s ]
SQL: SELECT aid,title,top,good,content FROM qz_article WHERE is_show = 1 && cid = 11 [ RunTime:0.0010s ]
SQL: SHOW COLUMNS FROM `qz_tags` [ RunTime:0.0130s ]
SQL: SHOW COLUMNS FROM `qz_tags_article` [ RunTime:0.0080s ]
SQL: SELECT tid,tag_name FROM qz_tags WHERE is_show = 1 ORDER BY ord DESC,clicks DESC [ RunTime:0.0000s ]
SQL: SELECT tid,count(*) as count FROM qz_tags_article GROUP BY tid [ RunTime:0.0000s ]
INFO: [ view_parse ] --START--
INFO: [ template_filter ] --START--
INFO: Run Behavior\ContentReplaceBehavior [ RunTime:0.000000s ]
INFO: [ template_filter ] --END-- [ RunTime:0.000000s ]
INFO: Run Behavior\ParseTemplateBehavior [ RunTime:0.049003s ]
INFO: [ view_parse ] --END-- [ RunTime:0.050003s ]
INFO: [ view_filter ] --START--
INFO: Run Behavior\WriteHtmlCacheBehavior [ RunTime:0.000000s ]
INFO: [ view_filter ] --END-- [ RunTime:0.001000s ]
INFO: [ app_end ] --START--
INFO: Run Behavior\ShowPageTraceBehavior [ RunTime:0.002000s ]
INFO: [ app_end ] --END-- [ RunTime:0.002000s ]

[ 2016-07-03T19:48:41+08:00 ] ::1 /0701/index.php/home/index/test.html
INFO: [ app_init ] --START--
INFO: Run Behavior\BuildLiteBehavior [ RunTime:0.000000s ]
INFO: [ app_init ] --END-- [ RunTime:0.001000s ]
INFO: [ app_begin ] --START--
INFO: Run Behavior\ReadHtmlCacheBehavior [ RunTime:0.001000s ]
INFO: [ app_begin ] --END-- [ RunTime:0.001000s ]
NOTIC: [2048] Declaration of Home\Controller\IndexController::show() should be compatible with Think\Controller::show($content, $charset = '', $contentType = '', $prefix = '') D:\wamp\www\0701\Application\Home\Controller\IndexController.class.php 第 109 行.
SQL: SHOW COLUMNS FROM `qz_cate` [ RunTime:0.0050s ]
SQL: SELECT * FROM `qz_cate` WHERE ( is_show=1 ) ORDER BY ord DESC  [ RunTime:0.0010s ]
SQL: SHOW COLUMNS FROM `qz_article` [ RunTime:0.0040s ]
SQL: SELECT `aid`,`title`,`update_time` FROM `qz_article` WHERE `is_show` = 1 ORDER BY update_time DESC,ord DESC,clicks DESC  [ RunTime:0.0000s ]
SQL: SELECT aid,title,top,good,content FROM qz_article WHERE is_show = 1 && cid = 11 [ RunTime:0.0010s ]
SQL: SHOW COLUMNS FROM `qz_tags` [ RunTime:0.0030s ]
SQL: SHOW COLUMNS FROM `qz_tags_article` [ RunTime:0.0040s ]
SQL: SELECT tid,tag_name FROM qz_tags WHERE is_show = 1 ORDER BY ord DESC,clicks DESC [ RunTime:0.0010s ]
SQL: SELECT tid,count(*) as count FROM qz_tags_article GROUP BY tid [ RunTime:0.0000s ]
INFO: [ view_parse ] --START--
INFO: [ template_filter ] --START--
INFO: Run Behavior\ContentReplaceBehavior [ RunTime:0.000000s ]
INFO: [ template_filter ] --END-- [ RunTime:0.000000s ]
INFO: Run Behavior\ParseTemplateBehavior [ RunTime:0.029002s ]
INFO: [ view_parse ] --END-- [ RunTime:0.030002s ]
INFO: [ view_filter ] --START--
INFO: Run Behavior\WriteHtmlCacheBehavior [ RunTime:0.001000s ]
INFO: [ view_filter ] --END-- [ RunTime:0.001000s ]
INFO: [ app_end ] --START--
INFO: Run Behavior\ShowPageTraceBehavior [ RunTime:0.001000s ]
INFO: [ app_end ] --END-- [ RunTime:0.001000s ]

[ 2016-07-03T19:48:50+08:00 ] ::1 /0701/index.php/home/index/show.html?aid=3
INFO: [ app_init ] --START--
INFO: Run Behavior\BuildLiteBehavior [ RunTime:0.000000s ]
INFO: [ app_init ] --END-- [ RunTime:0.001000s ]
INFO: [ app_begin ] --START--
INFO: Run Behavior\ReadHtmlCacheBehavior [ RunTime:0.001000s ]
INFO: [ app_begin ] --END-- [ RunTime:0.002000s ]
NOTIC: [2048] Declaration of Home\Controller\IndexController::show() should be compatible with Think\Controller::show($content, $charset = '', $contentType = '', $prefix = '') D:\wamp\www\0701\Application\Home\Controller\IndexController.class.php 第 109 行.
SQL: SHOW COLUMNS FROM `qz_article` [ RunTime:0.0050s ]
SQL: SELECT * FROM qz_article WHERE  aid = 3 [ RunTime:0.0000s ]
INFO: [ view_parse ] --START--
INFO: [ template_filter ] --START--
INFO: Run Behavior\ContentReplaceBehavior [ RunTime:0.000000s ]
INFO: [ template_filter ] --END-- [ RunTime:0.000000s ]
NOTIC: [8] Undefined variable: nav D:\wamp\www\0701\Application\Runtime\Cache\Home\ef90aeb0d15d5181851dc046c9941189.php 第 29 行.
NOTIC: [2] include(public/tags.php): failed to open stream: No such file or directory D:\wamp\www\0701\Application\Runtime\Cache\Home\ef90aeb0d15d5181851dc046c9941189.php 第 86 行.
NOTIC: [2] include(): Failed opening 'public/tags.php' for inclusion (include_path='.;C:\php\pear') D:\wamp\www\0701\Application\Runtime\Cache\Home\ef90aeb0d15d5181851dc046c9941189.php 第 86 行.
NOTIC: [8] Undefined index: cate D:\wamp\www\0701\Application\Runtime\Cache\Home\ef90aeb0d15d5181851dc046c9941189.php 第 104 行.
INFO: Run Behavior\ParseTemplateBehavior [ RunTime:0.014001s ]
INFO: [ view_parse ] --END-- [ RunTime:0.014001s ]
INFO: [ view_filter ] --START--
INFO: Run Behavior\WriteHtmlCacheBehavior [ RunTime:0.000000s ]
INFO: [ view_filter ] --END-- [ RunTime:0.001000s ]
INFO: [ app_end ] --START--
INFO: Run Behavior\ShowPageTraceBehavior [ RunTime:0.003000s ]
INFO: [ app_end ] --END-- [ RunTime:0.003000s ]

[ 2016-07-03T19:49:13+08:00 ] ::1 /0701/index.php/home/index/test.html
INFO: [ app_init ] --START--
INFO: Run Behavior\BuildLiteBehavior [ RunTime:0.000000s ]
INFO: [ app_init ] --END-- [ RunTime:0.001000s ]
INFO: [ app_begin ] --START--
INFO: Run Behavior\ReadHtmlCacheBehavior [ RunTime:0.001001s ]
INFO: [ app_begin ] --END-- [ RunTime:0.001001s ]
NOTIC: [2048] Declaration of Home\Controller\IndexController::show() should be compatible with Think\Controller::show($content, $charset = '', $contentType = '', $prefix = '') D:\wamp\www\0701\Application\Home\Controller\IndexController.class.php 第 109 行.
SQL: SHOW COLUMNS FROM `qz_cate` [ RunTime:0.0040s ]
SQL: SELECT * FROM `qz_cate` WHERE ( is_show=1 ) ORDER BY ord DESC  [ RunTime:0.0010s ]
SQL: SHOW COLUMNS FROM `qz_article` [ RunTime:0.0050s ]
SQL: SELECT `aid`,`title`,`update_time` FROM `qz_article` WHERE `is_show` = 1 ORDER BY update_time DESC,ord DESC,clicks DESC  [ RunTime:0.0000s ]
SQL: SELECT aid,title,top,good,content FROM qz_article WHERE is_show = 1 && cid = 11 [ RunTime:0.0000s ]
SQL: SHOW COLUMNS FROM `qz_tags` [ RunTime:0.0040s ]
SQL: SHOW COLUMNS FROM `qz_tags_article` [ RunTime:0.0040s ]
SQL: SELECT tid,tag_name FROM qz_tags WHERE is_show = 1 ORDER BY ord DESC,clicks DESC [ RunTime:0.0010s ]
SQL: SELECT tid,count(*) as count FROM qz_tags_article GROUP BY tid [ RunTime:0.0000s ]
INFO: [ view_parse ] --START--
INFO: [ template_filter ] --START--
INFO: Run Behavior\ContentReplaceBehavior [ RunTime:0.000000s ]
INFO: [ template_filter ] --END-- [ RunTime:0.000000s ]
INFO: Run Behavior\ParseTemplateBehavior [ RunTime:0.027002s ]
INFO: [ view_parse ] --END-- [ RunTime:0.027002s ]
INFO: [ view_filter ] --START--
INFO: Run Behavior\WriteHtmlCacheBehavior [ RunTime:0.001000s ]
INFO: [ view_filter ] --END-- [ RunTime:0.001000s ]
INFO: [ app_end ] --START--
INFO: Run Behavior\ShowPageTraceBehavior [ RunTime:0.002000s ]
INFO: [ app_end ] --END-- [ RunTime:0.002000s ]

[ 2016-07-03T19:50:53+08:00 ] ::1 /0701/index.php/home/index/test.html
INFO: [ app_init ] --START--
INFO: Run Behavior\BuildLiteBehavior [ RunTime:0.000000s ]
INFO: [ app_init ] --END-- [ RunTime:0.001000s ]
INFO: [ app_begin ] --START--
INFO: Run Behavior\ReadHtmlCacheBehavior [ RunTime:0.000000s ]
INFO: [ app_begin ] --END-- [ RunTime:0.001000s ]
NOTIC: [2048] Declaration of Home\Controller\IndexController::show() should be compatible with Think\Controller::show($content, $charset = '', $contentType = '', $prefix = '') D:\wamp\www\0701\Application\Home\Controller\IndexController.class.php 第 109 行.
SQL: SHOW COLUMNS FROM `qz_cate` [ RunTime:0.0060s ]
SQL: SELECT * FROM `qz_cate` WHERE ( is_show=1 ) ORDER BY ord DESC  [ RunTime:0.0010s ]
SQL: SHOW COLUMNS FROM `qz_article` [ RunTime:0.0040s ]
SQL: SELECT `aid`,`title`,`update_time` FROM `qz_article` WHERE `is_show` = 1 ORDER BY update_time DESC,ord DESC,clicks DESC  [ RunTime:0.0000s ]
SQL: SELECT aid,title,top,good,content FROM qz_article WHERE is_show = 1 && cid = 11 [ RunTime:0.0010s ]
SQL: SHOW COLUMNS FROM `qz_tags` [ RunTime:0.0030s ]
SQL: SHOW COLUMNS FROM `qz_tags_article` [ RunTime:0.0040s ]
SQL: SELECT tid,tag_name FROM qz_tags WHERE is_show = 1 ORDER BY ord DESC,clicks DESC [ RunTime:0.0010s ]
SQL: SELECT tid,count(*) as count FROM qz_tags_article GROUP BY tid [ RunTime:0.0010s ]
INFO: [ view_parse ] --START--
INFO: [ template_filter ] --START--
INFO: Run Behavior\ContentReplaceBehavior [ RunTime:0.000000s ]
INFO: [ template_filter ] --END-- [ RunTime:0.001000s ]
INFO: Run Behavior\ParseTemplateBehavior [ RunTime:0.043003s ]
INFO: [ view_parse ] --END-- [ RunTime:0.043003s ]
INFO: [ view_filter ] --START--
INFO: Run Behavior\WriteHtmlCacheBehavior [ RunTime:0.001000s ]
INFO: [ view_filter ] --END-- [ RunTime:0.001000s ]
INFO: [ app_end ] --START--
INFO: Run Behavior\ShowPageTraceBehavior [ RunTime:0.001000s ]
INFO: [ app_end ] --END-- [ RunTime:0.001000s ]

[ 2016-07-03T19:50:54+08:00 ] ::1 /0701/index.php/home/index/test.html
INFO: [ app_init ] --START--
INFO: Run Behavior\BuildLiteBehavior [ RunTime:0.000000s ]
INFO: [ app_init ] --END-- [ RunTime:0.001000s ]
INFO: [ app_begin ] --START--
INFO: Run Behavior\ReadHtmlCacheBehavior [ RunTime:0.001000s ]
INFO: [ app_begin ] --END-- [ RunTime:0.001000s ]
NOTIC: [2048] Declaration of Home\Controller\IndexController::show() should be compatible with Think\Controller::show($content, $charset = '', $contentType = '', $prefix = '') D:\wamp\www\0701\Application\Home\Controller\IndexController.class.php 第 109 行.
SQL: SHOW COLUMNS FROM `qz_cate` [ RunTime:0.0070s ]
SQL: SELECT * FROM `qz_cate` WHERE ( is_show=1 ) ORDER BY ord DESC  [ RunTime:0.0000s ]
SQL: SHOW COLUMNS FROM `qz_article` [ RunTime:0.0040s ]
SQL: SELECT `aid`,`title`,`update_time` FROM `qz_article` WHERE `is_show` = 1 ORDER BY update_time DESC,ord DESC,clicks DESC  [ RunTime:0.0010s ]
SQL: SELECT aid,title,top,good,content FROM qz_article WHERE is_show = 1 && cid = 11 [ RunTime:0.0000s ]
SQL: SHOW COLUMNS FROM `qz_tags` [ RunTime:0.0060s ]
SQL: SHOW COLUMNS FROM `qz_tags_article` [ RunTime:0.0050s ]
SQL: SELECT tid,tag_name FROM qz_tags WHERE is_show = 1 ORDER BY ord DESC,clicks DESC [ RunTime:0.0000s ]
SQL: SELECT tid,count(*) as count FROM qz_tags_article GROUP BY tid [ RunTime:0.0000s ]
INFO: [ view_parse ] --START--
INFO: [ template_filter ] --START--
INFO: Run Behavior\ContentReplaceBehavior [ RunTime:0.001000s ]
INFO: [ template_filter ] --END-- [ RunTime:0.001000s ]
INFO: Run Behavior\ParseTemplateBehavior [ RunTime:0.033001s ]
INFO: [ view_parse ] --END-- [ RunTime:0.033001s ]
INFO: [ view_filter ] --START--
INFO: Run Behavior\WriteHtmlCacheBehavior [ RunTime:0.001001s ]
INFO: [ view_filter ] --END-- [ RunTime:0.001001s ]
INFO: [ app_end ] --START--
INFO: Run Behavior\ShowPageTraceBehavior [ RunTime:0.001000s ]
INFO: [ app_end ] --END-- [ RunTime:0.001000s ]

[ 2016-07-03T19:50:59+08:00 ] ::1 /0701/index.php/home/index/test.html
INFO: [ app_init ] --START--
INFO: Run Behavior\BuildLiteBehavior [ RunTime:0.000000s ]
INFO: [ app_init ] --END-- [ RunTime:0.000000s ]
INFO: [ app_begin ] --START--
INFO: Run Behavior\ReadHtmlCacheBehavior [ RunTime:0.001000s ]
INFO: [ app_begin ] --END-- [ RunTime:0.001000s ]
NOTIC: [2048] Declaration of Home\Controller\IndexController::show() should be compatible with Think\Controller::show($content, $charset = '', $contentType = '', $prefix = '') D:\wamp\www\0701\Application\Home\Controller\IndexController.class.php 第 109 行.
SQL: SHOW COLUMNS FROM `qz_cate` [ RunTime:0.0030s ]
SQL: SELECT * FROM `qz_cate` WHERE ( is_show=1 ) ORDER BY ord DESC  [ RunTime:0.0010s ]
SQL: SHOW COLUMNS FROM `qz_article` [ RunTime:0.0060s ]
SQL: SELECT `aid`,`title`,`update_time` FROM `qz_article` WHERE `is_show` = 1 ORDER BY update_time DESC,ord DESC,clicks DESC  [ RunTime:0.0000s ]
SQL: SELECT aid,title,top,good,content FROM qz_article WHERE is_show = 1 && cid = 11 [ RunTime:0.0000s ]
SQL: SHOW COLUMNS FROM `qz_tags` [ RunTime:0.0040s ]
SQL: SHOW COLUMNS FROM `qz_tags_article` [ RunTime:0.0030s ]
SQL: SELECT tid,tag_name FROM qz_tags WHERE is_show = 1 ORDER BY ord DESC,clicks DESC [ RunTime:0.0000s ]
SQL: SELECT tid,count(*) as count FROM qz_tags_article GROUP BY tid [ RunTime:0.0010s ]
INFO: [ view_parse ] --START--
INFO: [ template_filter ] --START--
INFO: Run Behavior\ContentReplaceBehavior [ RunTime:0.000000s ]
INFO: [ template_filter ] --END-- [ RunTime:0.001001s ]
INFO: Run Behavior\ParseTemplateBehavior [ RunTime:0.034002s ]
INFO: [ view_parse ] --END-- [ RunTime:0.034002s ]
INFO: [ view_filter ] --START--
INFO: Run Behavior\WriteHtmlCacheBehavior [ RunTime:0.001000s ]
INFO: [ view_filter ] --END-- [ RunTime:0.001000s ]
INFO: [ app_end ] --START--
INFO: Run Behavior\ShowPageTraceBehavior [ RunTime:0.001000s ]
INFO: [ app_end ] --END-- [ RunTime:0.001000s ]

[ 2016-07-03T19:52:38+08:00 ] ::1 /0701/index.php/home/index/test.html
INFO: [ app_init ] --START--
INFO: Run Behavior\BuildLiteBehavior [ RunTime:0.000000s ]
INFO: [ app_init ] --END-- [ RunTime:0.001001s ]
INFO: [ app_begin ] --START--
INFO: Run Behavior\ReadHtmlCacheBehavior [ RunTime:0.001000s ]
INFO: [ app_begin ] --END-- [ RunTime:0.001000s ]
NOTIC: [2048] Declaration of Home\Controller\IndexController::show() should be compatible with Think\Controller::show($content, $charset = '', $contentType = '', $prefix = '') D:\wamp\www\0701\Application\Home\Controller\IndexController.class.php 第 109 行.
SQL: SHOW COLUMNS FROM `qz_cate` [ RunTime:0.0030s ]
SQL: SELECT * FROM `qz_cate` WHERE ( is_show=1 ) ORDER BY ord DESC  [ RunTime:0.0010s ]
SQL: SHOW COLUMNS FROM `qz_article` [ RunTime:0.0030s ]
SQL: SELECT `aid`,`title`,`update_time` FROM `qz_article` WHERE `is_show` = 1 ORDER BY update_time DESC,ord DESC,clicks DESC  [ RunTime:0.0020s ]
SQL: SELECT aid,title,top,good,content FROM qz_article WHERE is_show = 1 && cid = 11 [ RunTime:0.0010s ]
SQL: SHOW COLUMNS FROM `qz_tags` [ RunTime:0.0040s ]
SQL: SHOW COLUMNS FROM `qz_tags_article` [ RunTime:0.0050s ]
SQL: SELECT tid,tag_name FROM qz_tags WHERE is_show = 1 ORDER BY ord DESC,clicks DESC [ RunTime:0.0010s ]
SQL: SELECT tid,count(*) as count FROM qz_tags_article GROUP BY tid [ RunTime:0.0000s ]
INFO: [ view_parse ] --START--
INFO: [ template_filter ] --START--
INFO: Run Behavior\ContentReplaceBehavior [ RunTime:0.001000s ]
INFO: [ template_filter ] --END-- [ RunTime:0.001000s ]
INFO: Run Behavior\ParseTemplateBehavior [ RunTime:0.032002s ]
INFO: [ view_parse ] --END-- [ RunTime:0.032002s ]
INFO: [ view_filter ] --START--
INFO: Run Behavior\WriteHtmlCacheBehavior [ RunTime:0.001000s ]
INFO: [ view_filter ] --END-- [ RunTime:0.001000s ]
INFO: [ app_end ] --START--
INFO: Run Behavior\ShowPageTraceBehavior [ RunTime:0.001000s ]
INFO: [ app_end ] --END-- [ RunTime:0.001000s ]

[ 2016-07-03T19:52:39+08:00 ] ::1 /0701/index.php/home/index/test.html
INFO: [ app_init ] --START--
INFO: Run Behavior\BuildLiteBehavior [ RunTime:0.000000s ]
INFO: [ app_init ] --END-- [ RunTime:0.001000s ]
INFO: [ app_begin ] --START--
INFO: Run Behavior\ReadHtmlCacheBehavior [ RunTime:0.001000s ]
INFO: [ app_begin ] --END-- [ RunTime:0.001000s ]
NOTIC: [2048] Declaration of Home\Controller\IndexController::show() should be compatible with Think\Controller::show($content, $charset = '', $contentType = '', $prefix = '') D:\wamp\www\0701\Application\Home\Controller\IndexController.class.php 第 109 行.
SQL: SHOW COLUMNS FROM `qz_cate` [ RunTime:0.0050s ]
SQL: SELECT * FROM `qz_cate` WHERE ( is_show=1 ) ORDER BY ord DESC  [ RunTime:0.0000s ]
SQL: SHOW COLUMNS FROM `qz_article` [ RunTime:0.0030s ]
SQL: SELECT `aid`,`title`,`update_time` FROM `qz_article` WHERE `is_show` = 1 ORDER BY update_time DESC,ord DESC,clicks DESC  [ RunTime:0.0010s ]
SQL: SELECT aid,title,top,good,content FROM qz_article WHERE is_show = 1 && cid = 11 [ RunTime:0.0000s ]
SQL: SHOW COLUMNS FROM `qz_tags` [ RunTime:0.0050s ]
SQL: SHOW COLUMNS FROM `qz_tags_article` [ RunTime:0.0060s ]
SQL: SELECT tid,tag_name FROM qz_tags WHERE is_show = 1 ORDER BY ord DESC,clicks DESC [ RunTime:0.0000s ]
SQL: SELECT tid,count(*) as count FROM qz_tags_article GROUP BY tid [ RunTime:0.0000s ]
INFO: [ view_parse ] --START--
INFO: [ template_filter ] --START--
INFO: Run Behavior\ContentReplaceBehavior [ RunTime:0.000000s ]
INFO: [ template_filter ] --END-- [ RunTime:0.001000s ]
INFO: Run Behavior\ParseTemplateBehavior [ RunTime:0.029001s ]
INFO: [ view_parse ] --END-- [ RunTime:0.030001s ]
INFO: [ view_filter ] --START--
INFO: Run Behavior\WriteHtmlCacheBehavior [ RunTime:0.000000s ]
INFO: [ view_filter ] --END-- [ RunTime:0.001000s ]
INFO: [ app_end ] --START--
INFO: Run Behavior\ShowPageTraceBehavior [ RunTime:0.001000s ]
INFO: [ app_end ] --END-- [ RunTime:0.002001s ]

[ 2016-07-03T19:53:27+08:00 ] ::1 /0701/index.php/home/index/test.html
INFO: [ app_init ] --START--
INFO: Run Behavior\BuildLiteBehavior [ RunTime:0.001001s ]
INFO: [ app_init ] --END-- [ RunTime:0.001001s ]
INFO: [ app_begin ] --START--
INFO: Run Behavior\ReadHtmlCacheBehavior [ RunTime:0.001000s ]
INFO: [ app_begin ] --END-- [ RunTime:0.001000s ]
NOTIC: [2048] Declaration of Home\Controller\IndexController::show() should be compatible with Think\Controller::show($content, $charset = '', $contentType = '', $prefix = '') D:\wamp\www\0701\Application\Home\Controller\IndexController.class.php 第 109 行.
SQL: SHOW COLUMNS FROM `qz_cate` [ RunTime:0.0040s ]
SQL: SELECT * FROM `qz_cate` WHERE ( is_show=1 ) ORDER BY ord DESC  [ RunTime:0.0010s ]
SQL: SHOW COLUMNS FROM `qz_article` [ RunTime:0.0040s ]
SQL: SELECT `aid`,`title`,`update_time` FROM `qz_article` WHERE `is_show` = 1 ORDER BY update_time DESC,ord DESC,clicks DESC  [ RunTime:0.0010s ]
SQL: SELECT aid,title,top,good,content FROM qz_article WHERE is_show = 1 && cid = 11 [ RunTime:0.0000s ]
SQL: SHOW COLUMNS FROM `qz_tags` [ RunTime:0.0040s ]
SQL: SHOW COLUMNS FROM `qz_tags_article` [ RunTime:0.0050s ]
SQL: SELECT tid,tag_name FROM qz_tags WHERE is_show = 1 ORDER BY ord DESC,clicks DESC [ RunTime:0.0040s ]
SQL: SELECT tid,count(*) as count FROM qz_tags_article GROUP BY tid [ RunTime:0.0010s ]
INFO: [ view_parse ] --START--
INFO: [ template_filter ] --START--
INFO: Run Behavior\ContentReplaceBehavior [ RunTime:0.001000s ]
INFO: [ template_filter ] --END-- [ RunTime:0.001000s ]
INFO: Run Behavior\ParseTemplateBehavior [ RunTime:0.051003s ]
INFO: [ view_parse ] --END-- [ RunTime:0.052003s ]
INFO: [ view_filter ] --START--
INFO: Run Behavior\WriteHtmlCacheBehavior [ RunTime:0.001000s ]
INFO: [ view_filter ] --END-- [ RunTime:0.001000s ]
INFO: [ app_end ] --START--
INFO: Run Behavior\ShowPageTraceBehavior [ RunTime:0.001000s ]
INFO: [ app_end ] --END-- [ RunTime:0.002000s ]

[ 2016-07-03T19:54:58+08:00 ] ::1 /0701/index.php/home/index/test.html
INFO: [ app_init ] --START--
INFO: Run Behavior\BuildLiteBehavior [ RunTime:0.000000s ]
INFO: [ app_init ] --END-- [ RunTime:0.000000s ]
INFO: [ app_begin ] --START--
INFO: Run Behavior\ReadHtmlCacheBehavior [ RunTime:0.001000s ]
INFO: [ app_begin ] --END-- [ RunTime:0.001000s ]
NOTIC: [2048] Declaration of Home\Controller\IndexController::show() should be compatible with Think\Controller::show($content, $charset = '', $contentType = '', $prefix = '') D:\wamp\www\0701\Application\Home\Controller\IndexController.class.php 第 109 行.
SQL: SHOW COLUMNS FROM `qz_cate` [ RunTime:0.0050s ]
SQL: SELECT * FROM `qz_cate` WHERE ( is_show=1 ) ORDER BY ord DESC  [ RunTime:0.0000s ]
SQL: SHOW COLUMNS FROM `qz_article` [ RunTime:0.0040s ]
SQL: SELECT `aid`,`title`,`update_time` FROM `qz_article` WHERE `is_show` = 1 ORDER BY update_time DESC,ord DESC,clicks DESC  [ RunTime:0.0000s ]
SQL: SELECT aid,title,top,good,content FROM qz_article WHERE is_show = 1 && cid = 11 [ RunTime:0.0000s ]
SQL: SHOW COLUMNS FROM `qz_tags` [ RunTime:0.0050s ]
SQL: SHOW COLUMNS FROM `qz_tags_article` [ RunTime:0.0050s ]
SQL: SELECT tid,tag_name FROM qz_tags WHERE is_show = 1 ORDER BY ord DESC,clicks DESC [ RunTime:0.0010s ]
SQL: SELECT tid,count(*) as count FROM qz_tags_article GROUP BY tid [ RunTime:0.0000s ]
INFO: [ view_parse ] --START--
INFO: [ template_filter ] --START--
INFO: Run Behavior\ContentReplaceBehavior [ RunTime:0.000000s ]
INFO: [ template_filter ] --END-- [ RunTime:0.001000s ]
INFO: Run Behavior\ParseTemplateBehavior [ RunTime:0.042003s ]
INFO: [ view_parse ] --END-- [ RunTime:0.042003s ]
INFO: [ view_filter ] --START--
INFO: Run Behavior\WriteHtmlCacheBehavior [ RunTime:0.000000s ]
INFO: [ view_filter ] --END-- [ RunTime:0.001000s ]
INFO: [ app_end ] --START--
INFO: Run Behavior\ShowPageTraceBehavior [ RunTime:0.001000s ]
INFO: [ app_end ] --END-- [ RunTime:0.001000s ]

[ 2016-07-03T19:54:59+08:00 ] ::1 /0701/index.php/home/index/test.html
INFO: [ app_init ] --START--
INFO: Run Behavior\BuildLiteBehavior [ RunTime:0.000000s ]
INFO: [ app_init ] --END-- [ RunTime:0.001000s ]
INFO: [ app_begin ] --START--
INFO: Run Behavior\ReadHtmlCacheBehavior [ RunTime:0.001000s ]
INFO: [ app_begin ] --END-- [ RunTime:0.002000s ]
NOTIC: [2048] Declaration of Home\Controller\IndexController::show() should be compatible with Think\Controller::show($content, $charset = '', $contentType = '', $prefix = '') D:\wamp\www\0701\Application\Home\Controller\IndexController.class.php 第 109 行.
SQL: SHOW COLUMNS FROM `qz_cate` [ RunTime:0.0050s ]
SQL: SELECT * FROM `qz_cate` WHERE ( is_show=1 ) ORDER BY ord DESC  [ RunTime:0.0030s ]
SQL: SHOW COLUMNS FROM `qz_article` [ RunTime:0.0050s ]
SQL: SELECT `aid`,`title`,`update_time` FROM `qz_article` WHERE `is_show` = 1 ORDER BY update_time DESC,ord DESC,clicks DESC  [ RunTime:0.0020s ]
SQL: SELECT aid,title,top,good,content FROM qz_article WHERE is_show = 1 && cid = 11 [ RunTime:0.0000s ]
SQL: SHOW COLUMNS FROM `qz_tags` [ RunTime:0.0050s ]
SQL: SHOW COLUMNS FROM `qz_tags_article` [ RunTime:0.0030s ]
SQL: SELECT tid,tag_name FROM qz_tags WHERE is_show = 1 ORDER BY ord DESC,clicks DESC [ RunTime:0.0000s ]
SQL: SELECT tid,count(*) as count FROM qz_tags_article GROUP BY tid [ RunTime:0.0010s ]
INFO: [ view_parse ] --START--
INFO: [ template_filter ] --START--
INFO: Run Behavior\ContentReplaceBehavior [ RunTime:0.000000s ]
INFO: [ template_filter ] --END-- [ RunTime:0.000000s ]
INFO: Run Behavior\ParseTemplateBehavior [ RunTime:0.034002s ]
INFO: [ view_parse ] --END-- [ RunTime:0.034002s ]
INFO: [ view_filter ] --START--
INFO: Run Behavior\WriteHtmlCacheBehavior [ RunTime:0.003000s ]
INFO: [ view_filter ] --END-- [ RunTime:0.003000s ]
INFO: [ app_end ] --START--
INFO: Run Behavior\ShowPageTraceBehavior [ RunTime:0.001001s ]
INFO: [ app_end ] --END-- [ RunTime:0.001001s ]

[ 2016-07-03T19:56:49+08:00 ] ::1 /0701/index.php/home/index/test.html
INFO: [ app_init ] --START--
INFO: Run Behavior\BuildLiteBehavior [ RunTime:0.000000s ]
INFO: [ app_init ] --END-- [ RunTime:0.001000s ]
INFO: [ app_begin ] --START--
INFO: Run Behavior\ReadHtmlCacheBehavior [ RunTime:0.001000s ]
INFO: [ app_begin ] --END-- [ RunTime:0.001000s ]
NOTIC: [2048] Declaration of Home\Controller\IndexController::show() should be compatible with Think\Controller::show($content, $charset = '', $contentType = '', $prefix = '') D:\wamp\www\0701\Application\Home\Controller\IndexController.class.php 第 109 行.
SQL: SHOW COLUMNS FROM `qz_cate` [ RunTime:0.0040s ]
SQL: SELECT * FROM `qz_cate` WHERE ( is_show=1 ) ORDER BY ord DESC  [ RunTime:0.0010s ]
SQL: SHOW COLUMNS FROM `qz_article` [ RunTime:0.0070s ]
SQL: SELECT `aid`,`title`,`update_time` FROM `qz_article` WHERE `is_show` = 1 ORDER BY update_time DESC,ord DESC,clicks DESC  [ RunTime:0.0010s ]
SQL: SELECT aid,title,top,good,content FROM qz_article WHERE is_show = 1 && cid = 11 [ RunTime:0.0000s ]
SQL: SHOW COLUMNS FROM `qz_tags` [ RunTime:0.0040s ]
SQL: SHOW COLUMNS FROM `qz_tags_article` [ RunTime:0.0040s ]
SQL: SELECT tid,tag_name FROM qz_tags WHERE is_show = 1 ORDER BY ord DESC,clicks DESC [ RunTime:0.0010s ]
SQL: SELECT tid,count(*) as count FROM qz_tags_article GROUP BY tid [ RunTime:0.0000s ]
INFO: [ view_parse ] --START--
INFO: [ template_filter ] --START--
INFO: Run Behavior\ContentReplaceBehavior [ RunTime:0.000000s ]
INFO: [ template_filter ] --END-- [ RunTime:0.001000s ]
INFO: Run Behavior\ParseTemplateBehavior [ RunTime:0.031001s ]
INFO: [ view_parse ] --END-- [ RunTime:0.031001s ]
INFO: [ view_filter ] --START--
INFO: Run Behavior\WriteHtmlCacheBehavior [ RunTime:0.001000s ]
INFO: [ view_filter ] --END-- [ RunTime:0.001000s ]
INFO: [ app_end ] --START--
INFO: Run Behavior\ShowPageTraceBehavior [ RunTime:0.001001s ]
INFO: [ app_end ] --END-- [ RunTime:0.001001s ]

[ 2016-07-03T19:56:49+08:00 ] ::1 /0701/index.php/home/index/test.html
INFO: [ app_init ] --START--
INFO: Run Behavior\BuildLiteBehavior [ RunTime:0.000000s ]
INFO: [ app_init ] --END-- [ RunTime:0.001000s ]
INFO: [ app_begin ] --START--
INFO: Run Behavior\ReadHtmlCacheBehavior [ RunTime:0.001000s ]
INFO: [ app_begin ] --END-- [ RunTime:0.002000s ]
NOTIC: [2048] Declaration of Home\Controller\IndexController::show() should be compatible with Think\Controller::show($content, $charset = '', $contentType = '', $prefix = '') D:\wamp\www\0701\Application\Home\Controller\IndexController.class.php 第 109 行.
SQL: SHOW COLUMNS FROM `qz_cate` [ RunTime:0.0060s ]
SQL: SELECT * FROM `qz_cate` WHERE ( is_show=1 ) ORDER BY ord DESC  [ RunTime:0.0010s ]
SQL: SHOW COLUMNS FROM `qz_article` [ RunTime:0.0050s ]
SQL: SELECT `aid`,`title`,`update_time` FROM `qz_article` WHERE `is_show` = 1 ORDER BY update_time DESC,ord DESC,clicks DESC  [ RunTime:0.0010s ]
SQL: SELECT aid,title,top,good,content FROM qz_article WHERE is_show = 1 && cid = 11 [ RunTime:0.0000s ]
SQL: SHOW COLUMNS FROM `qz_tags` [ RunTime:0.0040s ]
SQL: SHOW COLUMNS FROM `qz_tags_article` [ RunTime:0.0080s ]
SQL: SELECT tid,tag_name FROM qz_tags WHERE is_show = 1 ORDER BY ord DESC,clicks DESC [ RunTime:0.0010s ]
SQL: SELECT tid,count(*) as count FROM qz_tags_article GROUP BY tid [ RunTime:0.0010s ]
INFO: [ view_parse ] --START--
INFO: [ template_filter ] --START--
INFO: Run Behavior\ContentReplaceBehavior [ RunTime:0.001000s ]
INFO: [ template_filter ] --END-- [ RunTime:0.001000s ]
INFO: Run Behavior\ParseTemplateBehavior [ RunTime:0.061003s ]
INFO: [ view_parse ] --END-- [ RunTime:0.062003s ]
INFO: [ view_filter ] --START--
INFO: Run Behavior\WriteHtmlCacheBehavior [ RunTime:0.001001s ]
INFO: [ view_filter ] --END-- [ RunTime:0.001001s ]
INFO: [ app_end ] --START--
INFO: Run Behavior\ShowPageTraceBehavior [ RunTime:0.001000s ]
INFO: [ app_end ] --END-- [ RunTime:0.005000s ]

[ 2016-07-03T20:01:55+08:00 ] ::1 /0701/index.php/home/index/test.html
INFO: [ app_init ] --START--
INFO: Run Behavior\BuildLiteBehavior [ RunTime:0.000000s ]
INFO: [ app_init ] --END-- [ RunTime:0.001000s ]
INFO: [ app_begin ] --START--
INFO: Run Behavior\ReadHtmlCacheBehavior [ RunTime:0.004000s ]
INFO: [ app_begin ] --END-- [ RunTime:0.006000s ]
NOTIC: [2048] Declaration of Home\Controller\IndexController::show() should be compatible with Think\Controller::show($content, $charset = '', $contentType = '', $prefix = '') D:\wamp\www\0701\Application\Home\Controller\IndexController.class.php 第 109 行.
SQL: SHOW COLUMNS FROM `qz_cate` [ RunTime:0.0100s ]
SQL: SELECT * FROM `qz_cate` WHERE ( is_show=1 ) ORDER BY ord DESC  [ RunTime:0.0010s ]
SQL: SHOW COLUMNS FROM `qz_article` [ RunTime:0.0050s ]
SQL: SELECT `aid`,`title`,`update_time` FROM `qz_article` WHERE `is_show` = 1 ORDER BY update_time DESC,ord DESC,clicks DESC  [ RunTime:0.0000s ]
SQL: SELECT aid,title,top,good,content FROM qz_article WHERE is_show = 1 && cid = 11 [ RunTime:0.0010s ]
SQL: SHOW COLUMNS FROM `qz_tags` [ RunTime:0.0090s ]
SQL: SHOW COLUMNS FROM `qz_tags_article` [ RunTime:0.0040s ]
SQL: SELECT tid,tag_name FROM qz_tags WHERE is_show = 1 ORDER BY ord DESC,clicks DESC [ RunTime:0.0010s ]
SQL: SELECT tid,count(*) as count FROM qz_tags_article GROUP BY tid [ RunTime:0.0000s ]
INFO: [ view_parse ] --START--
INFO: [ template_filter ] --START--
INFO: Run Behavior\ContentReplaceBehavior [ RunTime:0.000000s ]
INFO: [ template_filter ] --END-- [ RunTime:0.000000s ]
INFO: Run Behavior\ParseTemplateBehavior [ RunTime:0.028002s ]
INFO: [ view_parse ] --END-- [ RunTime:0.028002s ]
INFO: [ view_filter ] --START--
INFO: Run Behavior\WriteHtmlCacheBehavior [ RunTime:0.001000s ]
INFO: [ view_filter ] --END-- [ RunTime:0.002000s ]
INFO: [ app_end ] --START--
INFO: Run Behavior\ShowPageTraceBehavior [ RunTime:0.001000s ]
INFO: [ app_end ] --END-- [ RunTime:0.001000s ]

[ 2016-07-03T20:04:01+08:00 ] ::1 /0701/index.php/home/index/test.html
INFO: [ app_init ] --START--
INFO: Run Behavior\BuildLiteBehavior [ RunTime:0.000000s ]
INFO: [ app_init ] --END-- [ RunTime:0.003000s ]
INFO: [ app_begin ] --START--
INFO: Run Behavior\ReadHtmlCacheBehavior [ RunTime:0.001000s ]
INFO: [ app_begin ] --END-- [ RunTime:0.001000s ]
NOTIC: [2048] Declaration of Home\Controller\IndexController::show() should be compatible with Think\Controller::show($content, $charset = '', $contentType = '', $prefix = '') D:\wamp\www\0701\Application\Home\Controller\IndexController.class.php 第 109 行.
SQL: SHOW COLUMNS FROM `qz_cate` [ RunTime:0.0050s ]
SQL: SELECT * FROM `qz_cate` WHERE ( is_show=1 ) ORDER BY ord DESC  [ RunTime:0.0010s ]
SQL: SHOW COLUMNS FROM `qz_article` [ RunTime:0.0030s ]
SQL: SELECT `aid`,`title`,`update_time` FROM `qz_article` WHERE `is_show` = 1 ORDER BY update_time DESC,ord DESC,clicks DESC  [ RunTime:0.0010s ]
SQL: SELECT aid,title,top,good,content FROM qz_article WHERE is_show = 1 && cid = 11 [ RunTime:0.0000s ]
SQL: SHOW COLUMNS FROM `qz_tags` [ RunTime:0.0030s ]
SQL: SHOW COLUMNS FROM `qz_tags_article` [ RunTime:0.0040s ]
SQL: SELECT tid,tag_name FROM qz_tags WHERE is_show = 1 ORDER BY ord DESC,clicks DESC [ RunTime:0.0000s ]
SQL: SELECT tid,count(*) as count FROM qz_tags_article GROUP BY tid [ RunTime:0.0000s ]
INFO: [ view_parse ] --START--
INFO: [ template_filter ] --START--
INFO: Run Behavior\ContentReplaceBehavior [ RunTime:0.000000s ]
INFO: [ template_filter ] --END-- [ RunTime:0.000000s ]
INFO: Run Behavior\ParseTemplateBehavior [ RunTime:0.029001s ]
INFO: [ view_parse ] --END-- [ RunTime:0.029001s ]
INFO: [ view_filter ] --START--
INFO: Run Behavior\WriteHtmlCacheBehavior [ RunTime:0.001000s ]
INFO: [ view_filter ] --END-- [ RunTime:0.001000s ]
INFO: [ app_end ] --START--
INFO: Run Behavior\ShowPageTraceBehavior [ RunTime:0.002001s ]
INFO: [ app_end ] --END-- [ RunTime:0.002001s ]

[ 2016-07-03T20:12:05+08:00 ] ::1 /0701/index.php/home/index/test.html
INFO: [ app_init ] --START--
INFO: Run Behavior\BuildLiteBehavior [ RunTime:0.000000s ]
INFO: [ app_init ] --END-- [ RunTime:0.004001s ]
INFO: [ app_begin ] --START--
INFO: Run Behavior\ReadHtmlCacheBehavior [ RunTime:0.001000s ]
INFO: [ app_begin ] --END-- [ RunTime:0.001000s ]
NOTIC: [2048] Declaration of Home\Controller\IndexController::show() should be compatible with Think\Controller::show($content, $charset = '', $contentType = '', $prefix = '') D:\wamp\www\0701\Application\Home\Controller\IndexController.class.php 第 109 行.
SQL: SHOW COLUMNS FROM `qz_cate` [ RunTime:0.0050s ]
SQL: SELECT * FROM `qz_cate` WHERE ( is_show=1 ) ORDER BY ord DESC  [ RunTime:0.0000s ]
SQL: SHOW COLUMNS FROM `qz_article` [ RunTime:0.0070s ]
SQL: SELECT `aid`,`title`,`update_time` FROM `qz_article` WHERE `is_show` = 1 ORDER BY update_time DESC,ord DESC,clicks DESC  [ RunTime:0.0010s ]
SQL: SELECT aid,title,top,good,content FROM qz_article WHERE is_show = 1 && cid = 11 [ RunTime:0.0000s ]
SQL: SHOW COLUMNS FROM `qz_tags` [ RunTime:0.0030s ]
SQL: SHOW COLUMNS FROM `qz_tags_article` [ RunTime:0.0030s ]
SQL: SELECT tid,tag_name FROM qz_tags WHERE is_show = 1 ORDER BY ord DESC,clicks DESC [ RunTime:0.0010s ]
SQL: SELECT tid,count(*) as count FROM qz_tags_article GROUP BY tid [ RunTime:0.0010s ]
INFO: [ view_parse ] --START--
INFO: [ template_filter ] --START--
INFO: Run Behavior\ContentReplaceBehavior [ RunTime:0.000000s ]
INFO: [ template_filter ] --END-- [ RunTime:0.000000s ]
INFO: Run Behavior\ParseTemplateBehavior [ RunTime:0.033002s ]
INFO: [ view_parse ] --END-- [ RunTime:0.033002s ]
INFO: [ view_filter ] --START--
INFO: Run Behavior\WriteHtmlCacheBehavior [ RunTime:0.001000s ]
INFO: [ view_filter ] --END-- [ RunTime:0.001000s ]
INFO: [ app_end ] --START--
INFO: Run Behavior\ShowPageTraceBehavior [ RunTime:0.001000s ]
INFO: [ app_end ] --END-- [ RunTime:0.002000s ]

[ 2016-07-03T20:18:42+08:00 ] ::1 /0701/index.php/home/index/mylist/cid/8.html
INFO: [ app_init ] --START--
INFO: Run Behavior\BuildLiteBehavior [ RunTime:0.000000s ]
INFO: [ app_init ] --END-- [ RunTime:0.001000s ]
INFO: [ app_begin ] --START--
INFO: Run Behavior\ReadHtmlCacheBehavior [ RunTime:0.001000s ]
INFO: [ app_begin ] --END-- [ RunTime:0.001000s ]
NOTIC: [2048] Declaration of Home\Controller\IndexController::show() should be compatible with Think\Controller::show($content, $charset = '', $contentType = '', $prefix = '') D:\wamp\www\0701\Application\Home\Controller\IndexController.class.php 第 109 行.
SQL: SHOW COLUMNS FROM `qz_cate` [ RunTime:0.0040s ]
SQL: SELECT * FROM `qz_cate` WHERE ( is_show=1 ) ORDER BY ord DESC  [ RunTime:0.0000s ]
SQL: SHOW COLUMNS FROM `qz_article` [ RunTime:0.0040s ]
SQL: SELECT aid,title,top,good,content FROM qz_article WHERE is_show = 1 && cid = 8 [ RunTime:0.0020s ]
INFO: [ view_parse ] --START--
INFO: [ template_filter ] --START--
INFO: Run Behavior\ContentReplaceBehavior [ RunTime:0.000000s ]
INFO: [ template_filter ] --END-- [ RunTime:0.000000s ]
NOTIC: [2] include(public/tags.php): failed to open stream: No such file or directory D:\wamp\www\0701\Application\Runtime\Cache\Home\3aa129aef453e6341ee14940adc60365.php 第 85 行.
NOTIC: [2] include(): Failed opening 'public/tags.php' for inclusion (include_path='.;C:\php\pear') D:\wamp\www\0701\Application\Runtime\Cache\Home\3aa129aef453e6341ee14940adc60365.php 第 85 行.
NOTIC: [8] Undefined index: update_time D:\wamp\www\0701\Application\Runtime\Cache\Home\3aa129aef453e6341ee14940adc60365.php 第 103 行.
NOTIC: [8] Undefined index: author D:\wamp\www\0701\Application\Runtime\Cache\Home\3aa129aef453e6341ee14940adc60365.php 第 103 行.
NOTIC: [8] Undefined index: cate D:\wamp\www\0701\Application\Runtime\Cache\Home\3aa129aef453e6341ee14940adc60365.php 第 103 行.
NOTIC: [8] Undefined index: clicks D:\wamp\www\0701\Application\Runtime\Cache\Home\3aa129aef453e6341ee14940adc60365.php 第 104 行.
INFO: Run Behavior\ParseTemplateBehavior [ RunTime:0.023001s ]
INFO: [ view_parse ] --END-- [ RunTime:0.023001s ]
INFO: [ view_filter ] --START--
INFO: Run Behavior\WriteHtmlCacheBehavior [ RunTime:0.001000s ]
INFO: [ view_filter ] --END-- [ RunTime:0.001000s ]
INFO: [ app_end ] --START--
INFO: Run Behavior\ShowPageTraceBehavior [ RunTime:0.001000s ]
INFO: [ app_end ] --END-- [ RunTime:0.001000s ]

