[ 2016-07-09T19:50:44+08:00 ] ::1 /07010/0701/index.php/home/index/test.html
INFO: [ app_init ] --START--
INFO: Run Behavior\BuildLiteBehavior [ RunTime:0.000023s ]
INFO: [ app_init ] --END-- [ RunTime:0.000534s ]
INFO: [ app_begin ] --START--
INFO: Run Behavior\ReadHtmlCacheBehavior [ RunTime:0.000755s ]
INFO: [ app_begin ] --END-- [ RunTime:0.000863s ]
NOTIC: [2048] Declaration of Home\Controller\IndexController::show() should be compatible with Think\Controller::show($content, $charset = '', $contentType = '', $prefix = '') E:\wamp\www\07010\0701\Application\Home\Controller\IndexController.class.php 第 125 行.
SQL: SHOW COLUMNS FROM `qz_cate` [ RunTime:0.2676s ]
SQL: SELECT * FROM `qz_cate` WHERE ( is_show=1 ) ORDER BY ord DESC  [ RunTime:0.0004s ]
SQL: SHOW COLUMNS FROM `qz_article` [ RunTime:0.0440s ]
SQL: SELECT `aid`,`title`,`update_time` FROM `qz_article` WHERE `is_show` = 1 ORDER BY update_time DESC,ord DESC,clicks DESC  [ RunTime:0.0003s ]
SQL: SELECT aid,title,top,good,content FROM qz_article WHERE is_show = 1 && cid = 11 [ RunTime:0.0007s ]
SQL: SHOW COLUMNS FROM `qz_tags` [ RunTime:0.0645s ]
SQL: SHOW COLUMNS FROM `qz_tags_article` [ RunTime:0.0129s ]
SQL: SELECT tid,tag_name FROM qz_tags WHERE is_show = 1 ORDER BY ord DESC,clicks DESC [ RunTime:0.0003s ]
SQL: SELECT tid,count(*) as count FROM qz_tags_article GROUP BY tid [ RunTime:0.0300s ]
INFO: [ view_parse ] --START--
INFO: [ template_filter ] --START--
INFO: Run Behavior\ContentReplaceBehavior [ RunTime:0.000142s ]
INFO: [ template_filter ] --END-- [ RunTime:0.000269s ]
INFO: Run Behavior\ParseTemplateBehavior [ RunTime:0.283562s ]
INFO: [ view_parse ] --END-- [ RunTime:0.283736s ]
INFO: [ view_filter ] --START--
INFO: Run Behavior\WriteHtmlCacheBehavior [ RunTime:0.015736s ]
INFO: [ view_filter ] --END-- [ RunTime:0.015908s ]
INFO: [ app_end ] --START--
INFO: Run Behavior\ShowPageTraceBehavior [ RunTime:0.170742s ]
INFO: [ app_end ] --END-- [ RunTime:0.170867s ]

[ 2016-07-09T20:29:28+08:00 ] ::1 /07010/0701/index.php/home/index/test.html
INFO: [ app_init ] --START--
INFO: Run Behavior\BuildLiteBehavior [ RunTime:0.000023s ]
INFO: [ app_init ] --END-- [ RunTime:0.000443s ]
INFO: [ app_begin ] --START--
INFO: Run Behavior\ReadHtmlCacheBehavior [ RunTime:0.000491s ]
INFO: [ app_begin ] --END-- [ RunTime:0.000640s ]
NOTIC: [2048] Declaration of Home\Controller\IndexController::show() should be compatible with Think\Controller::show($content, $charset = '', $contentType = '', $prefix = '') E:\wamp\www\07010\0701\Application\Home\Controller\IndexController.class.php 第 125 行.
SQL: SHOW COLUMNS FROM `qz_cate` [ RunTime:0.4953s ]
SQL: SELECT * FROM `qz_cate` WHERE ( is_show=1 ) ORDER BY ord DESC  [ RunTime:0.0004s ]
SQL: SHOW COLUMNS FROM `qz_article` [ RunTime:0.0053s ]
SQL: SELECT `aid`,`title`,`update_time` FROM `qz_article` WHERE `is_show` = 1 ORDER BY update_time DESC,ord DESC,clicks DESC  [ RunTime:0.0009s ]
SQL: SELECT aid,title,top,good,content FROM qz_article WHERE is_show = 1 && cid = 11 [ RunTime:0.0005s ]
SQL: SHOW COLUMNS FROM `qz_tags` [ RunTime:0.0082s ]
SQL: SHOW COLUMNS FROM `qz_tags_article` [ RunTime:0.0054s ]
SQL: SELECT tid,tag_name FROM qz_tags WHERE is_show = 1 ORDER BY ord DESC,clicks DESC [ RunTime:0.0003s ]
SQL: SELECT tid,count(*) as count FROM qz_tags_article GROUP BY tid [ RunTime:0.0002s ]
INFO: [ view_parse ] --START--
INFO: [ template_filter ] --START--
INFO: Run Behavior\ContentReplaceBehavior [ RunTime:0.000121s ]
INFO: [ template_filter ] --END-- [ RunTime:0.000226s ]
INFO: Run Behavior\ParseTemplateBehavior [ RunTime:0.018197s ]
INFO: [ view_parse ] --END-- [ RunTime:0.018320s ]
INFO: [ view_filter ] --START--
INFO: Run Behavior\WriteHtmlCacheBehavior [ RunTime:0.000430s ]
INFO: [ view_filter ] --END-- [ RunTime:0.000618s ]
INFO: [ app_end ] --START--
INFO: Run Behavior\ShowPageTraceBehavior [ RunTime:0.000947s ]
INFO: [ app_end ] --END-- [ RunTime:0.001137s ]

[ 2016-07-09T21:02:06+08:00 ] ::1 /07010/0701/index.php/home/index/show.html?aid=5
INFO: [ app_init ] --START--
INFO: Run Behavior\BuildLiteBehavior [ RunTime:0.000025s ]
INFO: [ app_init ] --END-- [ RunTime:0.000419s ]
INFO: [ app_begin ] --START--
INFO: Run Behavior\ReadHtmlCacheBehavior [ RunTime:0.000545s ]
INFO: [ app_begin ] --END-- [ RunTime:0.000653s ]
NOTIC: [2048] Declaration of Home\Controller\IndexController::show() should be compatible with Think\Controller::show($content, $charset = '', $contentType = '', $prefix = '') E:\wamp\www\07010\0701\Application\Home\Controller\IndexController.class.php 第 125 行.
SQL: SHOW COLUMNS FROM `qz_article` [ RunTime:0.2397s ]
SQL: SELECT * FROM qz_article WHERE  aid = 5 [ RunTime:0.0201s ]
INFO: [ view_parse ] --START--
INFO: [ template_filter ] --START--
INFO: Run Behavior\ContentReplaceBehavior [ RunTime:0.000086s ]
INFO: [ template_filter ] --END-- [ RunTime:0.000195s ]
NOTIC: [8] Undefined variable: nav E:\wamp\www\07010\0701\Application\Runtime\Cache\Home\ef90aeb0d15d5181851dc046c9941189.php 第 29 行.
NOTIC: [2] include(public/tags.php): failed to open stream: No such file or directory E:\wamp\www\07010\0701\Application\Runtime\Cache\Home\ef90aeb0d15d5181851dc046c9941189.php 第 86 行.
NOTIC: [2] include(): Failed opening 'public/tags.php' for inclusion (include_path='.;C:\php\pear') E:\wamp\www\07010\0701\Application\Runtime\Cache\Home\ef90aeb0d15d5181851dc046c9941189.php 第 86 行.
NOTIC: [8] Undefined index: cate E:\wamp\www\07010\0701\Application\Runtime\Cache\Home\ef90aeb0d15d5181851dc046c9941189.php 第 104 行.
INFO: Run Behavior\ParseTemplateBehavior [ RunTime:0.024378s ]
INFO: [ view_parse ] --END-- [ RunTime:0.024484s ]
INFO: [ view_filter ] --START--
INFO: Run Behavior\WriteHtmlCacheBehavior [ RunTime:0.000404s ]
INFO: [ view_filter ] --END-- [ RunTime:0.000498s ]
INFO: [ app_end ] --START--
INFO: Run Behavior\ShowPageTraceBehavior [ RunTime:0.000728s ]
INFO: [ app_end ] --END-- [ RunTime:0.000841s ]

[ 2016-07-09T21:08:36+08:00 ] ::1 /07010/0701/index.php/home/index/test.html
INFO: [ app_init ] --START--
INFO: Run Behavior\BuildLiteBehavior [ RunTime:0.000039s ]
INFO: [ app_init ] --END-- [ RunTime:0.000551s ]
INFO: [ app_begin ] --START--
INFO: Run Behavior\ReadHtmlCacheBehavior [ RunTime:0.000514s ]
INFO: [ app_begin ] --END-- [ RunTime:0.000613s ]
NOTIC: [2048] Declaration of Home\Controller\IndexController::show() should be compatible with Think\Controller::show($content, $charset = '', $contentType = '', $prefix = '') E:\wamp\www\07010\0701\Application\Home\Controller\IndexController.class.php 第 125 行.
SQL: SHOW COLUMNS FROM `qz_cate` [ RunTime:0.0429s ]
SQL: SELECT * FROM `qz_cate` WHERE ( is_show=1 ) ORDER BY ord DESC  [ RunTime:0.0003s ]
SQL: SHOW COLUMNS FROM `qz_article` [ RunTime:0.0043s ]
SQL: SELECT `aid`,`title`,`update_time` FROM `qz_article` WHERE `is_show` = 1 ORDER BY update_time DESC,ord DESC,clicks DESC  [ RunTime:0.0003s ]
SQL: SELECT aid,title,top,good,content FROM qz_article WHERE is_show = 1 && cid = 11 [ RunTime:0.0002s ]
SQL: SHOW COLUMNS FROM `qz_tags` [ RunTime:0.0040s ]
SQL: SHOW COLUMNS FROM `qz_tags_article` [ RunTime:0.0035s ]
SQL: SELECT tid,tag_name FROM qz_tags WHERE is_show = 1 ORDER BY ord DESC,clicks DESC [ RunTime:0.0003s ]
SQL: SELECT tid,count(*) as count FROM qz_tags_article GROUP BY tid [ RunTime:0.0002s ]
INFO: [ view_parse ] --START--
INFO: [ template_filter ] --START--
INFO: Run Behavior\ContentReplaceBehavior [ RunTime:0.000122s ]
INFO: [ template_filter ] --END-- [ RunTime:0.000271s ]
INFO: Run Behavior\ParseTemplateBehavior [ RunTime:0.017434s ]
INFO: [ view_parse ] --END-- [ RunTime:0.017555s ]
INFO: [ view_filter ] --START--
INFO: Run Behavior\WriteHtmlCacheBehavior [ RunTime:0.000435s ]
INFO: [ view_filter ] --END-- [ RunTime:0.000542s ]
INFO: [ app_end ] --START--
INFO: Run Behavior\ShowPageTraceBehavior [ RunTime:0.000746s ]
INFO: [ app_end ] --END-- [ RunTime:0.000858s ]

[ 2016-07-09T21:11:21+08:00 ] ::1 /07010/0701/index.php/home/index/test.html
INFO: [ app_init ] --START--
INFO: Run Behavior\BuildLiteBehavior [ RunTime:0.000045s ]
INFO: [ app_init ] --END-- [ RunTime:0.000652s ]
INFO: [ app_begin ] --START--
INFO: Run Behavior\ReadHtmlCacheBehavior [ RunTime:0.000575s ]
INFO: [ app_begin ] --END-- [ RunTime:0.000708s ]
NOTIC: [2048] Declaration of Home\Controller\IndexController::show() should be compatible with Think\Controller::show($content, $charset = '', $contentType = '', $prefix = '') E:\wamp\www\07010\0701\Application\Home\Controller\IndexController.class.php 第 125 行.
SQL: SHOW COLUMNS FROM `qz_cate` [ RunTime:0.0067s ]
SQL: SELECT * FROM `qz_cate` WHERE ( is_show=1 ) ORDER BY ord DESC  [ RunTime:0.0003s ]
SQL: SHOW COLUMNS FROM `qz_article` [ RunTime:0.0050s ]
SQL: SELECT `aid`,`title`,`update_time` FROM `qz_article` WHERE `is_show` = 1 ORDER BY update_time DESC,ord DESC,clicks DESC  [ RunTime:0.0005s ]
SQL: SELECT aid,title,top,good,content FROM qz_article WHERE is_show = 1 && cid = 11 [ RunTime:0.0006s ]
SQL: SHOW COLUMNS FROM `qz_tags` [ RunTime:0.0043s ]
SQL: SHOW COLUMNS FROM `qz_tags_article` [ RunTime:0.0043s ]
SQL: SELECT tid,tag_name FROM qz_tags WHERE is_show = 1 ORDER BY ord DESC,clicks DESC [ RunTime:0.0004s ]
SQL: SELECT tid,count(*) as count FROM qz_tags_article GROUP BY tid [ RunTime:0.0002s ]
INFO: [ view_parse ] --START--
INFO: [ template_filter ] --START--
INFO: Run Behavior\ContentReplaceBehavior [ RunTime:0.000197s ]
INFO: [ template_filter ] --END-- [ RunTime:0.000427s ]
INFO: Run Behavior\ParseTemplateBehavior [ RunTime:0.023920s ]
INFO: [ view_parse ] --END-- [ RunTime:0.024049s ]
INFO: [ view_filter ] --START--
INFO: Run Behavior\WriteHtmlCacheBehavior [ RunTime:0.000798s ]
INFO: [ view_filter ] --END-- [ RunTime:0.000933s ]
INFO: [ app_end ] --START--
INFO: Run Behavior\ShowPageTraceBehavior [ RunTime:0.000964s ]
INFO: [ app_end ] --END-- [ RunTime:0.001088s ]

