[ 2016-07-04T07:48:50+08:00 ] ::1 /0701/index.php/home/Index/test.html
INFO: [ app_init ] --START--
INFO: Run Behavior\BuildLiteBehavior [ RunTime:0.000000s ]
INFO: [ app_init ] --END-- [ RunTime:0.002500s ]
INFO: [ app_begin ] --START--
INFO: Run Behavior\ReadHtmlCacheBehavior [ RunTime:0.002000s ]
INFO: [ app_begin ] --END-- [ RunTime:0.002000s ]
NOTIC: [2048] Declaration of Home\Controller\IndexController::show() should be compatible with Think\Controller::show($content, $charset = '', $contentType = '', $prefix = '') D:\wamp\www\0701\Application\Home\Controller\IndexController.class.php 第 109 行.
SQL: SHOW COLUMNS FROM `qz_cate` [ RunTime:0.0380s ]
SQL: SELECT * FROM `qz_cate` WHERE ( is_show=1 ) ORDER BY ord DESC  [ RunTime:0.0110s ]
SQL: SHOW COLUMNS FROM `qz_article` [ RunTime:0.0055s ]
SQL: SELECT `aid`,`title`,`update_time` FROM `qz_article` WHERE `is_show` = 1 ORDER BY update_time DESC,ord DESC,clicks DESC  [ RunTime:0.0015s ]
SQL: SELECT aid,title,top,good,content FROM qz_article WHERE is_show = 1 && cid = 11 [ RunTime:0.0020s ]
SQL: SHOW COLUMNS FROM `qz_tags` [ RunTime:0.0110s ]
SQL: SHOW COLUMNS FROM `qz_tags_article` [ RunTime:0.0075s ]
SQL: SELECT tid,tag_name FROM qz_tags WHERE is_show = 1 ORDER BY ord DESC,clicks DESC [ RunTime:0.0015s ]
SQL: SELECT tid,count(*) as count FROM qz_tags_article GROUP BY tid [ RunTime:0.0025s ]
INFO: [ view_parse ] --START--
INFO: [ template_filter ] --START--
INFO: Run Behavior\ContentReplaceBehavior [ RunTime:0.002000s ]
INFO: [ template_filter ] --END-- [ RunTime:0.002000s ]
INFO: Run Behavior\ParseTemplateBehavior [ RunTime:0.055007s ]
INFO: [ view_parse ] --END-- [ RunTime:0.055007s ]
INFO: [ view_filter ] --START--
INFO: Run Behavior\WriteHtmlCacheBehavior [ RunTime:0.001500s ]
INFO: [ view_filter ] --END-- [ RunTime:0.002000s ]
INFO: [ app_end ] --START--
INFO: Run Behavior\ShowPageTraceBehavior [ RunTime:0.001000s ]
INFO: [ app_end ] --END-- [ RunTime:0.001000s ]

[ 2016-07-04T21:26:04+08:00 ] ::1 /07010/0701/index.php/home/index/test.html
INFO: [ app_init ] --START--
INFO: Run Behavior\BuildLiteBehavior [ RunTime:0.000027s ]
INFO: [ app_init ] --END-- [ RunTime:0.000498s ]
INFO: [ app_begin ] --START--
INFO: Run Behavior\ReadHtmlCacheBehavior [ RunTime:0.000904s ]
INFO: [ app_begin ] --END-- [ RunTime:0.001020s ]
NOTIC: [2048] Declaration of Home\Controller\IndexController::show() should be compatible with Think\Controller::show($content, $charset = '', $contentType = '', $prefix = '') E:\wamp\www\07010\0701\Application\Home\Controller\IndexController.class.php 第 109 行.
SQL: SHOW COLUMNS FROM `qz_cate` [ RunTime:0.0041s ]
SQL: SELECT * FROM `qz_cate` WHERE ( is_show=1 ) ORDER BY ord DESC  [ RunTime:0.0004s ]
SQL: SHOW COLUMNS FROM `qz_article` [ RunTime:0.0042s ]
SQL: SELECT `aid`,`title`,`update_time` FROM `qz_article` WHERE `is_show` = 1 ORDER BY update_time DESC,ord DESC,clicks DESC  [ RunTime:0.0004s ]
SQL: SELECT aid,title,top,good,content FROM qz_article WHERE is_show = 1 && cid = 11 [ RunTime:0.0002s ]
SQL: SHOW COLUMNS FROM `qz_tags` [ RunTime:0.0037s ]
SQL: SHOW COLUMNS FROM `qz_tags_article` [ RunTime:0.0035s ]
SQL: SELECT tid,tag_name FROM qz_tags WHERE is_show = 1 ORDER BY ord DESC,clicks DESC [ RunTime:0.0003s ]
SQL: SELECT tid,count(*) as count FROM qz_tags_article GROUP BY tid [ RunTime:0.0003s ]
INFO: [ view_parse ] --START--
INFO: [ template_filter ] --START--
INFO: Run Behavior\ContentReplaceBehavior [ RunTime:0.000116s ]
INFO: [ template_filter ] --END-- [ RunTime:0.000226s ]
INFO: Run Behavior\ParseTemplateBehavior [ RunTime:0.018870s ]
INFO: [ view_parse ] --END-- [ RunTime:0.019030s ]
INFO: [ view_filter ] --START--
INFO: Run Behavior\WriteHtmlCacheBehavior [ RunTime:0.000904s ]
INFO: [ view_filter ] --END-- [ RunTime:0.001003s ]
INFO: [ app_end ] --START--
INFO: Run Behavior\ShowPageTraceBehavior [ RunTime:0.001162s ]
INFO: [ app_end ] --END-- [ RunTime:0.001284s ]

